Analysis & Synthesis report for LCD
Thu Apr  1 19:10:12 2021
Quartus Prime Version 20.1.0 Build 711 06/05/2020 SJ Lite Edition


---------------------
; Table of Contents ;
---------------------
  1. Legal Notice
  2. Analysis & Synthesis Summary
  3. Analysis & Synthesis Settings
  4. Parallel Compilation
  5. Analysis & Synthesis Source Files Read
  6. Analysis & Synthesis Resource Usage Summary
  7. Analysis & Synthesis Resource Utilization by Entity
  8. State Machine - |LCD|FSM_LCD:fsm|current_state
  9. User-Specified and Inferred Latches
 10. General Register Statistics
 11. Parameter Settings for User Entity Instance: FSM_LCD:fsm
 12. Post-Synthesis Netlist Statistics for Top Partition
 13. Elapsed Time Per Partition
 14. Analysis & Synthesis Messages



----------------
; Legal Notice ;
----------------
Copyright (C) 2020  Intel Corporation. All rights reserved.
Your use of Intel Corporation's design tools, logic functions 
and other software and tools, and any partner logic 
functions, and any output files from any of the foregoing 
(including device programming or simulation files), and any 
associated documentation or information are expressly subject 
to the terms and conditions of the Intel Program License 
Subscription Agreement, the Intel Quartus Prime License Agreement,
the Intel FPGA IP License Agreement, or other applicable license
agreement, including, without limitation, that your use is for
the sole purpose of programming logic devices manufactured by
Intel and sold by Intel or its authorized distributors.  Please
refer to the applicable agreement for further details, at
https://fpgasoftware.intel.com/eula.



+----------------------------------------------------------------------------------+
; Analysis & Synthesis Summary                                                     ;
+------------------------------------+---------------------------------------------+
; Analysis & Synthesis Status        ; Successful - Thu Apr  1 19:10:12 2021       ;
; Quartus Prime Version              ; 20.1.0 Build 711 06/05/2020 SJ Lite Edition ;
; Revision Name                      ; LCD                                         ;
; Top-level Entity Name              ; LCD                                         ;
; Family                             ; Cyclone IV E                                ;
; Total logic elements               ; 173                                         ;
;     Total combinational functions  ; 139                                         ;
;     Dedicated logic registers      ; 93                                          ;
; Total registers                    ; 93                                          ;
; Total pins                         ; 26                                          ;
; Total virtual pins                 ; 0                                           ;
; Total memory bits                  ; 0                                           ;
; Embedded Multiplier 9-bit elements ; 0                                           ;
; Total PLLs                         ; 0                                           ;
+------------------------------------+---------------------------------------------+


+------------------------------------------------------------------------------------------------------------+
; Analysis & Synthesis Settings                                                                              ;
+------------------------------------------------------------------+--------------------+--------------------+
; Option                                                           ; Setting            ; Default Value      ;
+------------------------------------------------------------------+--------------------+--------------------+
; Device                                                           ; EP4CE6E22C8        ;                    ;
; Top-level entity name                                            ; LCD                ; LCD                ;
; Family name                                                      ; Cyclone IV E       ; Cyclone V          ;
; Use smart compilation                                            ; Off                ; Off                ;
; Enable parallel Assembler and Timing Analyzer during compilation ; On                 ; On                 ;
; Enable compact report table                                      ; Off                ; Off                ;
; Restructure Multiplexers                                         ; Auto               ; Auto               ;
; Create Debugging Nodes for IP Cores                              ; Off                ; Off                ;
; Preserve fewer node names                                        ; On                 ; On                 ;
; Intel FPGA IP Evaluation Mode                                    ; Enable             ; Enable             ;
; Verilog Version                                                  ; Verilog_2001       ; Verilog_2001       ;
; VHDL Version                                                     ; VHDL_1993          ; VHDL_1993          ;
; State Machine Processing                                         ; Auto               ; Auto               ;
; Safe State Machine                                               ; Off                ; Off                ;
; Extract Verilog State Machines                                   ; On                 ; On                 ;
; Extract VHDL State Machines                                      ; On                 ; On                 ;
; Ignore Verilog initial constructs                                ; Off                ; Off                ;
; Iteration limit for constant Verilog loops                       ; 5000               ; 5000               ;
; Iteration limit for non-constant Verilog loops                   ; 250                ; 250                ;
; Add Pass-Through Logic to Inferred RAMs                          ; On                 ; On                 ;
; Infer RAMs from Raw Logic                                        ; On                 ; On                 ;
; Parallel Synthesis                                               ; On                 ; On                 ;
; DSP Block Balancing                                              ; Auto               ; Auto               ;
; NOT Gate Push-Back                                               ; On                 ; On                 ;
; Power-Up Don't Care                                              ; On                 ; On                 ;
; Remove Redundant Logic Cells                                     ; Off                ; Off                ;
; Remove Duplicate Registers                                       ; On                 ; On                 ;
; Ignore CARRY Buffers                                             ; Off                ; Off                ;
; Ignore CASCADE Buffers                                           ; Off                ; Off                ;
; Ignore GLOBAL Buffers                                            ; Off                ; Off                ;
; Ignore ROW GLOBAL Buffers                                        ; Off                ; Off                ;
; Ignore LCELL Buffers                                             ; Off                ; Off                ;
; Ignore SOFT Buffers                                              ; On                 ; On                 ;
; Limit AHDL Integers to 32 Bits                                   ; Off                ; Off                ;
; Optimization Technique                                           ; Balanced           ; Balanced           ;
; Carry Chain Length                                               ; 70                 ; 70                 ;
; Auto Carry Chains                                                ; On                 ; On                 ;
; Auto Open-Drain Pins                                             ; On                 ; On                 ;
; Perform WYSIWYG Primitive Resynthesis                            ; Off                ; Off                ;
; Auto ROM Replacement                                             ; On                 ; On                 ;
; Auto RAM Replacement                                             ; On                 ; On                 ;
; Auto DSP Block Replacement                                       ; On                 ; On                 ;
; Auto Shift Register Replacement                                  ; Auto               ; Auto               ;
; Allow Shift Register Merging across Hierarchies                  ; Auto               ; Auto               ;
; Auto Clock Enable Replacement                                    ; On                 ; On                 ;
; Strict RAM Replacement                                           ; Off                ; Off                ;
; Allow Synchronous Control Signals                                ; On                 ; On                 ;
; Force Use of Synchronous Clear Signals                           ; Off                ; Off                ;
; Auto RAM Block Balancing                                         ; On                 ; On                 ;
; Auto RAM to Logic Cell Conversion                                ; Off                ; Off                ;
; Auto Resource Sharing                                            ; Off                ; Off                ;
; Allow Any RAM Size For Recognition                               ; Off                ; Off                ;
; Allow Any ROM Size For Recognition                               ; Off                ; Off                ;
; Allow Any Shift Register Size For Recognition                    ; Off                ; Off                ;
; Use LogicLock Constraints during Resource Balancing              ; On                 ; On                 ;
; Ignore translate_off and synthesis_off directives                ; Off                ; Off                ;
; Timing-Driven Synthesis                                          ; On                 ; On                 ;
; Report Parameter Settings                                        ; On                 ; On                 ;
; Report Source Assignments                                        ; On                 ; On                 ;
; Report Connectivity Checks                                       ; On                 ; On                 ;
; Ignore Maximum Fan-Out Assignments                               ; Off                ; Off                ;
; Synchronization Register Chain Length                            ; 2                  ; 2                  ;
; Power Optimization During Synthesis                              ; Normal compilation ; Normal compilation ;
; HDL message level                                                ; Level2             ; Level2             ;
; Suppress Register Optimization Related Messages                  ; Off                ; Off                ;
; Number of Removed Registers Reported in Synthesis Report         ; 5000               ; 5000               ;
; Number of Swept Nodes Reported in Synthesis Report               ; 5000               ; 5000               ;
; Number of Inverted Registers Reported in Synthesis Report        ; 100                ; 100                ;
; Clock MUX Protection                                             ; On                 ; On                 ;
; Auto Gated Clock Conversion                                      ; Off                ; Off                ;
; Block Design Naming                                              ; Auto               ; Auto               ;
; SDC constraint protection                                        ; Off                ; Off                ;
; Synthesis Effort                                                 ; Auto               ; Auto               ;
; Shift Register Replacement - Allow Asynchronous Clear Signal     ; On                 ; On                 ;
; Pre-Mapping Resynthesis Optimization                             ; Off                ; Off                ;
; Analysis & Synthesis Message Level                               ; Medium             ; Medium             ;
; Disable Register Merging Across Hierarchies                      ; Auto               ; Auto               ;
; Resource Aware Inference For Block RAM                           ; On                 ; On                 ;
+------------------------------------------------------------------+--------------------+--------------------+


+------------------------------------------+
; Parallel Compilation                     ;
+----------------------------+-------------+
; Processors                 ; Number      ;
+----------------------------+-------------+
; Number detected on machine ; 4           ;
; Maximum allowed            ; 2           ;
;                            ;             ;
; Average used               ; 1.00        ;
; Maximum used               ; 2           ;
;                            ;             ;
; Usage by Processor         ; % Time Used ;
;     Processor 1            ; 100.0%      ;
;     Processor 2            ;   0.0%      ;
+----------------------------+-------------+


+--------------------------------------------------------------------------------------------------------------------------------------------------------------------------------------------------+
; Analysis & Synthesis Source Files Read                                                                                                                                                           ;
+----------------------------------+-----------------+-----------------+-----------------------------------------------------------------------------------------------------------------+---------+
; File Name with User-Entered Path ; Used in Netlist ; File Type       ; File Name with Absolute Path                                                                                    ; Library ;
+----------------------------------+-----------------+-----------------+-----------------------------------------------------------------------------------------------------------------+---------+
; cont_bin_lcd.vhd                 ; yes             ; User VHDL File  ; /home/simon/Documentos/FACULTAD_linux/Sistemas Digitales Avanzados/Laboratorios/RS232-FPGA/LCD/cont_bin_lcd.vhd ;         ;
; FSM_LCD.vhd                      ; yes             ; User VHDL File  ; /home/simon/Documentos/FACULTAD_linux/Sistemas Digitales Avanzados/Laboratorios/RS232-FPGA/LCD/FSM_LCD.vhd      ;         ;
; LCD.vhd                          ; yes             ; User VHDL File  ; /home/simon/Documentos/FACULTAD_linux/Sistemas Digitales Avanzados/Laboratorios/RS232-FPGA/LCD/LCD.vhd          ;         ;
+----------------------------------+-----------------+-----------------+-----------------------------------------------------------------------------------------------------------------+---------+


+-------------------------------------------------------------+
; Analysis & Synthesis Resource Usage Summary                 ;
+---------------------------------------------+---------------+
; Resource                                    ; Usage         ;
+---------------------------------------------+---------------+
; Estimated Total logic elements              ; 173           ;
;                                             ;               ;
; Total combinational functions               ; 139           ;
; Logic element usage by number of LUT inputs ;               ;
;     -- 4 input functions                    ; 50            ;
;     -- 3 input functions                    ; 25            ;
;     -- <=2 input functions                  ; 64            ;
;                                             ;               ;
; Logic elements by mode                      ;               ;
;     -- normal mode                          ; 97            ;
;     -- arithmetic mode                      ; 42            ;
;                                             ;               ;
; Total registers                             ; 93            ;
;     -- Dedicated logic registers            ; 93            ;
;     -- I/O registers                        ; 0             ;
;                                             ;               ;
; I/O pins                                    ; 26            ;
;                                             ;               ;
; Embedded Multiplier 9-bit elements          ; 0             ;
;                                             ;               ;
; Maximum fan-out node                        ; FSM_LCD:fsm|e ;
; Maximum fan-out                             ; 49            ;
; Total fan-out                               ; 696           ;
; Average fan-out                             ; 2.45          ;
+---------------------------------------------+---------------+


+--------------------------------------------------------------------------------------------------------------------------------------------------------------------------------------------------------------+
; Analysis & Synthesis Resource Utilization by Entity                                                                                                                                                          ;
+----------------------------+---------------------+---------------------------+-------------+--------------+---------+-----------+------+--------------+------------------------+--------------+--------------+
; Compilation Hierarchy Node ; Combinational ALUTs ; Dedicated Logic Registers ; Memory Bits ; DSP Elements ; DSP 9x9 ; DSP 18x18 ; Pins ; Virtual Pins ; Full Hierarchy Name    ; Entity Name  ; Library Name ;
+----------------------------+---------------------+---------------------------+-------------+--------------+---------+-----------+------+--------------+------------------------+--------------+--------------+
; |LCD                       ; 139 (0)             ; 93 (0)                    ; 0           ; 0            ; 0       ; 0         ; 26   ; 0            ; |LCD                   ; LCD          ; work         ;
;    |FSM_LCD:fsm|           ; 89 (89)             ; 65 (65)                   ; 0           ; 0            ; 0       ; 0         ; 0    ; 0            ; |LCD|FSM_LCD:fsm       ; FSM_LCD      ; work         ;
;    |cont_bin_lcd:cont|     ; 50 (50)             ; 28 (28)                   ; 0           ; 0            ; 0       ; 0         ; 0    ; 0            ; |LCD|cont_bin_lcd:cont ; cont_bin_lcd ; work         ;
+----------------------------+---------------------+---------------------------+-------------+--------------+---------+-----------+------+--------------+------------------------+--------------+--------------+
Note: For table entries with two numbers listed, the numbers in parentheses indicate the number of resources of the given type used by the specific entity alone. The numbers listed outside of parentheses indicate the total resources of the given type used by the specific entity and all of its sub-entities in the hierarchy.


Encoding Type:  One-Hot
+-----------------------------------------------------------------------------------------------------------------------------------------------------------------------------------------------------------------------------------------------------------------------------------------------------------------------------------------------------------------------------------------------------------------------------------------------------------------------------------------------------------------------------------------------------------------------------------------------------------------------------------------------------------------------------------------------------------------------------------------------------------------------------------------------------------------------------------------------------------------------------------------------------------------------------------------------------------------------------------------------------------------------------------------------------------------------------------------------------------------------------------------------------------------------------------------------------------------------------------------------------------+
; State Machine - |LCD|FSM_LCD:fsm|current_state                                                                                                                                                                                                                                                                                                                                                                                                                                                                                                                                                                                                                                                                                                                                                                                                                                                                                                                                                                                                                                                                                                                                                                                                            ;
+------------------------------+-----------------------+-----------------------+-----------------------+-----------------------+-----------------------+-----------------------+-----------------------+-----------------------+-----------------------+-----------------------+-----------------------+-----------------------+-----------------------+-----------------------+-----------------------+-----------------------+-----------------------+-----------------------+----------------------+----------------------+----------------------+----------------------+----------------------+----------------------+----------------------+----------------------+----------------------+---------------------------+---------------------------+---------------------------+---------------------------+--------------------------+-------------------+-------------------+-------------------+-------------------+-----------------------------+-----------------------------+-----------------------------+-----------------------------+-----------------------------+-------------------------+------------------------------+----------------------------+----------------------------+----------------------------+----------------------------+
; Name                         ; current_state.Write37 ; current_state.Write36 ; current_state.Write35 ; current_state.Write34 ; current_state.Write33 ; current_state.Write32 ; current_state.Write31 ; current_state.Write30 ; current_state.Write29 ; current_state.Write28 ; current_state.Write27 ; current_state.Write26 ; current_state.Write25 ; current_state.Write24 ; current_state.Write13 ; current_state.Write12 ; current_state.Write11 ; current_state.Write10 ; current_state.Write9 ; current_state.Write8 ; current_state.Write7 ; current_state.Write6 ; current_state.Write5 ; current_state.Write4 ; current_state.Write3 ; current_state.Write2 ; current_state.Write1 ; current_state.ReturnHome4 ; current_state.ReturnHome3 ; current_state.ReturnHome2 ; current_state.ReturnHome1 ; current_state.SetAddress ; current_state.rx4 ; current_state.rx3 ; current_state.rx2 ; current_state.rx1 ; current_state.ClearDisplay5 ; current_state.ClearDisplay4 ; current_state.ClearDisplay3 ; current_state.ClearDisplay2 ; current_state.ClearDisplay1 ; current_state.EntryMode ; current_state.DisplayControl ; current_state.FunctionSet4 ; current_state.FunctionSet3 ; current_state.FunctionSet2 ; current_state.FunctionSet1 ;
+------------------------------+-----------------------+-----------------------+-----------------------+-----------------------+-----------------------+-----------------------+-----------------------+-----------------------+-----------------------+-----------------------+-----------------------+-----------------------+-----------------------+-----------------------+-----------------------+-----------------------+-----------------------+-----------------------+----------------------+----------------------+----------------------+----------------------+----------------------+----------------------+----------------------+----------------------+----------------------+---------------------------+---------------------------+---------------------------+---------------------------+--------------------------+-------------------+-------------------+-------------------+-------------------+-----------------------------+-----------------------------+-----------------------------+-----------------------------+-----------------------------+-------------------------+------------------------------+----------------------------+----------------------------+----------------------------+----------------------------+
; current_state.FunctionSet1   ; 0                     ; 0                     ; 0                     ; 0                     ; 0                     ; 0                     ; 0                     ; 0                     ; 0                     ; 0                     ; 0                     ; 0                     ; 0                     ; 0                     ; 0                     ; 0                     ; 0                     ; 0                     ; 0                    ; 0                    ; 0                    ; 0                    ; 0                    ; 0                    ; 0                    ; 0                    ; 0                    ; 0                         ; 0                         ; 0                         ; 0                         ; 0                        ; 0                 ; 0                 ; 0                 ; 0                 ; 0                           ; 0                           ; 0                           ; 0                           ; 0                           ; 0                       ; 0                            ; 0                          ; 0                          ; 0                          ; 0                          ;
; current_state.FunctionSet2   ; 0                     ; 0                     ; 0                     ; 0                     ; 0                     ; 0                     ; 0                     ; 0                     ; 0                     ; 0                     ; 0                     ; 0                     ; 0                     ; 0                     ; 0                     ; 0                     ; 0                     ; 0                     ; 0                    ; 0                    ; 0                    ; 0                    ; 0                    ; 0                    ; 0                    ; 0                    ; 0                    ; 0                         ; 0                         ; 0                         ; 0                         ; 0                        ; 0                 ; 0                 ; 0                 ; 0                 ; 0                           ; 0                           ; 0                           ; 0                           ; 0                           ; 0                       ; 0                            ; 0                          ; 0                          ; 1                          ; 1                          ;
; current_state.FunctionSet3   ; 0                     ; 0                     ; 0                     ; 0                     ; 0                     ; 0                     ; 0                     ; 0                     ; 0                     ; 0                     ; 0                     ; 0                     ; 0                     ; 0                     ; 0                     ; 0                     ; 0                     ; 0                     ; 0                    ; 0                    ; 0                    ; 0                    ; 0                    ; 0                    ; 0                    ; 0                    ; 0                    ; 0                         ; 0                         ; 0                         ; 0                         ; 0                        ; 0                 ; 0                 ; 0                 ; 0                 ; 0                           ; 0                           ; 0                           ; 0                           ; 0                           ; 0                       ; 0                            ; 0                          ; 1                          ; 0                          ; 1                          ;
; current_state.FunctionSet4   ; 0                     ; 0                     ; 0                     ; 0                     ; 0                     ; 0                     ; 0                     ; 0                     ; 0                     ; 0                     ; 0                     ; 0                     ; 0                     ; 0                     ; 0                     ; 0                     ; 0                     ; 0                     ; 0                    ; 0                    ; 0                    ; 0                    ; 0                    ; 0                    ; 0                    ; 0                    ; 0                    ; 0                         ; 0                         ; 0                         ; 0                         ; 0                        ; 0                 ; 0                 ; 0                 ; 0                 ; 0                           ; 0                           ; 0                           ; 0                           ; 0                           ; 0                       ; 0                            ; 1                          ; 0                          ; 0                          ; 1                          ;
; current_state.DisplayControl ; 0                     ; 0                     ; 0                     ; 0                     ; 0                     ; 0                     ; 0                     ; 0                     ; 0                     ; 0                     ; 0                     ; 0                     ; 0                     ; 0                     ; 0                     ; 0                     ; 0                     ; 0                     ; 0                    ; 0                    ; 0                    ; 0                    ; 0                    ; 0                    ; 0                    ; 0                    ; 0                    ; 0                         ; 0                         ; 0                         ; 0                         ; 0                        ; 0                 ; 0                 ; 0                 ; 0                 ; 0                           ; 0                           ; 0                           ; 0                           ; 0                           ; 0                       ; 1                            ; 0                          ; 0                          ; 0                          ; 1                          ;
; current_state.EntryMode      ; 0                     ; 0                     ; 0                     ; 0                     ; 0                     ; 0                     ; 0                     ; 0                     ; 0                     ; 0                     ; 0                     ; 0                     ; 0                     ; 0                     ; 0                     ; 0                     ; 0                     ; 0                     ; 0                    ; 0                    ; 0                    ; 0                    ; 0                    ; 0                    ; 0                    ; 0                    ; 0                    ; 0                         ; 0                         ; 0                         ; 0                         ; 0                        ; 0                 ; 0                 ; 0                 ; 0                 ; 0                           ; 0                           ; 0                           ; 0                           ; 0                           ; 1                       ; 0                            ; 0                          ; 0                          ; 0                          ; 1                          ;
; current_state.ClearDisplay1  ; 0                     ; 0                     ; 0                     ; 0                     ; 0                     ; 0                     ; 0                     ; 0                     ; 0                     ; 0                     ; 0                     ; 0                     ; 0                     ; 0                     ; 0                     ; 0                     ; 0                     ; 0                     ; 0                    ; 0                    ; 0                    ; 0                    ; 0                    ; 0                    ; 0                    ; 0                    ; 0                    ; 0                         ; 0                         ; 0                         ; 0                         ; 0                        ; 0                 ; 0                 ; 0                 ; 0                 ; 0                           ; 0                           ; 0                           ; 0                           ; 1                           ; 0                       ; 0                            ; 0                          ; 0                          ; 0                          ; 1                          ;
; current_state.ClearDisplay2  ; 0                     ; 0                     ; 0                     ; 0                     ; 0                     ; 0                     ; 0                     ; 0                     ; 0                     ; 0                     ; 0                     ; 0                     ; 0                     ; 0                     ; 0                     ; 0                     ; 0                     ; 0                     ; 0                    ; 0                    ; 0                    ; 0                    ; 0                    ; 0                    ; 0                    ; 0                    ; 0                    ; 0                         ; 0                         ; 0                         ; 0                         ; 0                        ; 0                 ; 0                 ; 0                 ; 0                 ; 0                           ; 0                           ; 0                           ; 1                           ; 0                           ; 0                       ; 0                            ; 0                          ; 0                          ; 0                          ; 1                          ;
; current_state.ClearDisplay3  ; 0                     ; 0                     ; 0                     ; 0                     ; 0                     ; 0                     ; 0                     ; 0                     ; 0                     ; 0                     ; 0                     ; 0                     ; 0                     ; 0                     ; 0                     ; 0                     ; 0                     ; 0                     ; 0                    ; 0                    ; 0                    ; 0                    ; 0                    ; 0                    ; 0                    ; 0                    ; 0                    ; 0                         ; 0                         ; 0                         ; 0                         ; 0                        ; 0                 ; 0                 ; 0                 ; 0                 ; 0                           ; 0                           ; 1                           ; 0                           ; 0                           ; 0                       ; 0                            ; 0                          ; 0                          ; 0                          ; 1                          ;
; current_state.ClearDisplay4  ; 0                     ; 0                     ; 0                     ; 0                     ; 0                     ; 0                     ; 0                     ; 0                     ; 0                     ; 0                     ; 0                     ; 0                     ; 0                     ; 0                     ; 0                     ; 0                     ; 0                     ; 0                     ; 0                    ; 0                    ; 0                    ; 0                    ; 0                    ; 0                    ; 0                    ; 0                    ; 0                    ; 0                         ; 0                         ; 0                         ; 0                         ; 0                        ; 0                 ; 0                 ; 0                 ; 0                 ; 0                           ; 1                           ; 0                           ; 0                           ; 0                           ; 0                       ; 0                            ; 0                          ; 0                          ; 0                          ; 1                          ;
; current_state.ClearDisplay5  ; 0                     ; 0                     ; 0                     ; 0                     ; 0                     ; 0                     ; 0                     ; 0                     ; 0                     ; 0                     ; 0                     ; 0                     ; 0                     ; 0                     ; 0                     ; 0                     ; 0                     ; 0                     ; 0                    ; 0                    ; 0                    ; 0                    ; 0                    ; 0                    ; 0                    ; 0                    ; 0                    ; 0                         ; 0                         ; 0                         ; 0                         ; 0                        ; 0                 ; 0                 ; 0                 ; 0                 ; 1                           ; 0                           ; 0                           ; 0                           ; 0                           ; 0                       ; 0                            ; 0                          ; 0                          ; 0                          ; 1                          ;
; current_state.rx1            ; 0                     ; 0                     ; 0                     ; 0                     ; 0                     ; 0                     ; 0                     ; 0                     ; 0                     ; 0                     ; 0                     ; 0                     ; 0                     ; 0                     ; 0                     ; 0                     ; 0                     ; 0                     ; 0                    ; 0                    ; 0                    ; 0                    ; 0                    ; 0                    ; 0                    ; 0                    ; 0                    ; 0                         ; 0                         ; 0                         ; 0                         ; 0                        ; 0                 ; 0                 ; 0                 ; 1                 ; 0                           ; 0                           ; 0                           ; 0                           ; 0                           ; 0                       ; 0                            ; 0                          ; 0                          ; 0                          ; 1                          ;
; current_state.rx2            ; 0                     ; 0                     ; 0                     ; 0                     ; 0                     ; 0                     ; 0                     ; 0                     ; 0                     ; 0                     ; 0                     ; 0                     ; 0                     ; 0                     ; 0                     ; 0                     ; 0                     ; 0                     ; 0                    ; 0                    ; 0                    ; 0                    ; 0                    ; 0                    ; 0                    ; 0                    ; 0                    ; 0                         ; 0                         ; 0                         ; 0                         ; 0                        ; 0                 ; 0                 ; 1                 ; 0                 ; 0                           ; 0                           ; 0                           ; 0                           ; 0                           ; 0                       ; 0                            ; 0                          ; 0                          ; 0                          ; 1                          ;
; current_state.rx3            ; 0                     ; 0                     ; 0                     ; 0                     ; 0                     ; 0                     ; 0                     ; 0                     ; 0                     ; 0                     ; 0                     ; 0                     ; 0                     ; 0                     ; 0                     ; 0                     ; 0                     ; 0                     ; 0                    ; 0                    ; 0                    ; 0                    ; 0                    ; 0                    ; 0                    ; 0                    ; 0                    ; 0                         ; 0                         ; 0                         ; 0                         ; 0                        ; 0                 ; 1                 ; 0                 ; 0                 ; 0                           ; 0                           ; 0                           ; 0                           ; 0                           ; 0                       ; 0                            ; 0                          ; 0                          ; 0                          ; 1                          ;
; current_state.rx4            ; 0                     ; 0                     ; 0                     ; 0                     ; 0                     ; 0                     ; 0                     ; 0                     ; 0                     ; 0                     ; 0                     ; 0                     ; 0                     ; 0                     ; 0                     ; 0                     ; 0                     ; 0                     ; 0                    ; 0                    ; 0                    ; 0                    ; 0                    ; 0                    ; 0                    ; 0                    ; 0                    ; 0                         ; 0                         ; 0                         ; 0                         ; 0                        ; 1                 ; 0                 ; 0                 ; 0                 ; 0                           ; 0                           ; 0                           ; 0                           ; 0                           ; 0                       ; 0                            ; 0                          ; 0                          ; 0                          ; 1                          ;
; current_state.SetAddress     ; 0                     ; 0                     ; 0                     ; 0                     ; 0                     ; 0                     ; 0                     ; 0                     ; 0                     ; 0                     ; 0                     ; 0                     ; 0                     ; 0                     ; 0                     ; 0                     ; 0                     ; 0                     ; 0                    ; 0                    ; 0                    ; 0                    ; 0                    ; 0                    ; 0                    ; 0                    ; 0                    ; 0                         ; 0                         ; 0                         ; 0                         ; 1                        ; 0                 ; 0                 ; 0                 ; 0                 ; 0                           ; 0                           ; 0                           ; 0                           ; 0                           ; 0                       ; 0                            ; 0                          ; 0                          ; 0                          ; 1                          ;
; current_state.ReturnHome1    ; 0                     ; 0                     ; 0                     ; 0                     ; 0                     ; 0                     ; 0                     ; 0                     ; 0                     ; 0                     ; 0                     ; 0                     ; 0                     ; 0                     ; 0                     ; 0                     ; 0                     ; 0                     ; 0                    ; 0                    ; 0                    ; 0                    ; 0                    ; 0                    ; 0                    ; 0                    ; 0                    ; 0                         ; 0                         ; 0                         ; 1                         ; 0                        ; 0                 ; 0                 ; 0                 ; 0                 ; 0                           ; 0                           ; 0                           ; 0                           ; 0                           ; 0                       ; 0                            ; 0                          ; 0                          ; 0                          ; 1                          ;
; current_state.ReturnHome2    ; 0                     ; 0                     ; 0                     ; 0                     ; 0                     ; 0                     ; 0                     ; 0                     ; 0                     ; 0                     ; 0                     ; 0                     ; 0                     ; 0                     ; 0                     ; 0                     ; 0                     ; 0                     ; 0                    ; 0                    ; 0                    ; 0                    ; 0                    ; 0                    ; 0                    ; 0                    ; 0                    ; 0                         ; 0                         ; 1                         ; 0                         ; 0                        ; 0                 ; 0                 ; 0                 ; 0                 ; 0                           ; 0                           ; 0                           ; 0                           ; 0                           ; 0                       ; 0                            ; 0                          ; 0                          ; 0                          ; 1                          ;
; current_state.ReturnHome3    ; 0                     ; 0                     ; 0                     ; 0                     ; 0                     ; 0                     ; 0                     ; 0                     ; 0                     ; 0                     ; 0                     ; 0                     ; 0                     ; 0                     ; 0                     ; 0                     ; 0                     ; 0                     ; 0                    ; 0                    ; 0                    ; 0                    ; 0                    ; 0                    ; 0                    ; 0                    ; 0                    ; 0                         ; 1                         ; 0                         ; 0                         ; 0                        ; 0                 ; 0                 ; 0                 ; 0                 ; 0                           ; 0                           ; 0                           ; 0                           ; 0                           ; 0                       ; 0                            ; 0                          ; 0                          ; 0                          ; 1                          ;
; current_state.ReturnHome4    ; 0                     ; 0                     ; 0                     ; 0                     ; 0                     ; 0                     ; 0                     ; 0                     ; 0                     ; 0                     ; 0                     ; 0                     ; 0                     ; 0                     ; 0                     ; 0                     ; 0                     ; 0                     ; 0                    ; 0                    ; 0                    ; 0                    ; 0                    ; 0                    ; 0                    ; 0                    ; 0                    ; 1                         ; 0                         ; 0                         ; 0                         ; 0                        ; 0                 ; 0                 ; 0                 ; 0                 ; 0                           ; 0                           ; 0                           ; 0                           ; 0                           ; 0                       ; 0                            ; 0                          ; 0                          ; 0                          ; 1                          ;
; current_state.Write1         ; 0                     ; 0                     ; 0                     ; 0                     ; 0                     ; 0                     ; 0                     ; 0                     ; 0                     ; 0                     ; 0                     ; 0                     ; 0                     ; 0                     ; 0                     ; 0                     ; 0                     ; 0                     ; 0                    ; 0                    ; 0                    ; 0                    ; 0                    ; 0                    ; 0                    ; 0                    ; 1                    ; 0                         ; 0                         ; 0                         ; 0                         ; 0                        ; 0                 ; 0                 ; 0                 ; 0                 ; 0                           ; 0                           ; 0                           ; 0                           ; 0                           ; 0                       ; 0                            ; 0                          ; 0                          ; 0                          ; 1                          ;
; current_state.Write2         ; 0                     ; 0                     ; 0                     ; 0                     ; 0                     ; 0                     ; 0                     ; 0                     ; 0                     ; 0                     ; 0                     ; 0                     ; 0                     ; 0                     ; 0                     ; 0                     ; 0                     ; 0                     ; 0                    ; 0                    ; 0                    ; 0                    ; 0                    ; 0                    ; 0                    ; 1                    ; 0                    ; 0                         ; 0                         ; 0                         ; 0                         ; 0                        ; 0                 ; 0                 ; 0                 ; 0                 ; 0                           ; 0                           ; 0                           ; 0                           ; 0                           ; 0                       ; 0                            ; 0                          ; 0                          ; 0                          ; 1                          ;
; current_state.Write3         ; 0                     ; 0                     ; 0                     ; 0                     ; 0                     ; 0                     ; 0                     ; 0                     ; 0                     ; 0                     ; 0                     ; 0                     ; 0                     ; 0                     ; 0                     ; 0                     ; 0                     ; 0                     ; 0                    ; 0                    ; 0                    ; 0                    ; 0                    ; 0                    ; 1                    ; 0                    ; 0                    ; 0                         ; 0                         ; 0                         ; 0                         ; 0                        ; 0                 ; 0                 ; 0                 ; 0                 ; 0                           ; 0                           ; 0                           ; 0                           ; 0                           ; 0                       ; 0                            ; 0                          ; 0                          ; 0                          ; 1                          ;
; current_state.Write4         ; 0                     ; 0                     ; 0                     ; 0                     ; 0                     ; 0                     ; 0                     ; 0                     ; 0                     ; 0                     ; 0                     ; 0                     ; 0                     ; 0                     ; 0                     ; 0                     ; 0                     ; 0                     ; 0                    ; 0                    ; 0                    ; 0                    ; 0                    ; 1                    ; 0                    ; 0                    ; 0                    ; 0                         ; 0                         ; 0                         ; 0                         ; 0                        ; 0                 ; 0                 ; 0                 ; 0                 ; 0                           ; 0                           ; 0                           ; 0                           ; 0                           ; 0                       ; 0                            ; 0                          ; 0                          ; 0                          ; 1                          ;
; current_state.Write5         ; 0                     ; 0                     ; 0                     ; 0                     ; 0                     ; 0                     ; 0                     ; 0                     ; 0                     ; 0                     ; 0                     ; 0                     ; 0                     ; 0                     ; 0                     ; 0                     ; 0                     ; 0                     ; 0                    ; 0                    ; 0                    ; 0                    ; 1                    ; 0                    ; 0                    ; 0                    ; 0                    ; 0                         ; 0                         ; 0                         ; 0                         ; 0                        ; 0                 ; 0                 ; 0                 ; 0                 ; 0                           ; 0                           ; 0                           ; 0                           ; 0                           ; 0                       ; 0                            ; 0                          ; 0                          ; 0                          ; 1                          ;
; current_state.Write6         ; 0                     ; 0                     ; 0                     ; 0                     ; 0                     ; 0                     ; 0                     ; 0                     ; 0                     ; 0                     ; 0                     ; 0                     ; 0                     ; 0                     ; 0                     ; 0                     ; 0                     ; 0                     ; 0                    ; 0                    ; 0                    ; 1                    ; 0                    ; 0                    ; 0                    ; 0                    ; 0                    ; 0                         ; 0                         ; 0                         ; 0                         ; 0                        ; 0                 ; 0                 ; 0                 ; 0                 ; 0                           ; 0                           ; 0                           ; 0                           ; 0                           ; 0                       ; 0                            ; 0                          ; 0                          ; 0                          ; 1                          ;
; current_state.Write7         ; 0                     ; 0                     ; 0                     ; 0                     ; 0                     ; 0                     ; 0                     ; 0                     ; 0                     ; 0                     ; 0                     ; 0                     ; 0                     ; 0                     ; 0                     ; 0                     ; 0                     ; 0                     ; 0                    ; 0                    ; 1                    ; 0                    ; 0                    ; 0                    ; 0                    ; 0                    ; 0                    ; 0                         ; 0                         ; 0                         ; 0                         ; 0                        ; 0                 ; 0                 ; 0                 ; 0                 ; 0                           ; 0                           ; 0                           ; 0                           ; 0                           ; 0                       ; 0                            ; 0                          ; 0                          ; 0                          ; 1                          ;
; current_state.Write8         ; 0                     ; 0                     ; 0                     ; 0                     ; 0                     ; 0                     ; 0                     ; 0                     ; 0                     ; 0                     ; 0                     ; 0                     ; 0                     ; 0                     ; 0                     ; 0                     ; 0                     ; 0                     ; 0                    ; 1                    ; 0                    ; 0                    ; 0                    ; 0                    ; 0                    ; 0                    ; 0                    ; 0                         ; 0                         ; 0                         ; 0                         ; 0                        ; 0                 ; 0                 ; 0                 ; 0                 ; 0                           ; 0                           ; 0                           ; 0                           ; 0                           ; 0                       ; 0                            ; 0                          ; 0                          ; 0                          ; 1                          ;
; current_state.Write9         ; 0                     ; 0                     ; 0                     ; 0                     ; 0                     ; 0                     ; 0                     ; 0                     ; 0                     ; 0                     ; 0                     ; 0                     ; 0                     ; 0                     ; 0                     ; 0                     ; 0                     ; 0                     ; 1                    ; 0                    ; 0                    ; 0                    ; 0                    ; 0                    ; 0                    ; 0                    ; 0                    ; 0                         ; 0                         ; 0                         ; 0                         ; 0                        ; 0                 ; 0                 ; 0                 ; 0                 ; 0                           ; 0                           ; 0                           ; 0                           ; 0                           ; 0                       ; 0                            ; 0                          ; 0                          ; 0                          ; 1                          ;
; current_state.Write10        ; 0                     ; 0                     ; 0                     ; 0                     ; 0                     ; 0                     ; 0                     ; 0                     ; 0                     ; 0                     ; 0                     ; 0                     ; 0                     ; 0                     ; 0                     ; 0                     ; 0                     ; 1                     ; 0                    ; 0                    ; 0                    ; 0                    ; 0                    ; 0                    ; 0                    ; 0                    ; 0                    ; 0                         ; 0                         ; 0                         ; 0                         ; 0                        ; 0                 ; 0                 ; 0                 ; 0                 ; 0                           ; 0                           ; 0                           ; 0                           ; 0                           ; 0                       ; 0                            ; 0                          ; 0                          ; 0                          ; 1                          ;
; current_state.Write11        ; 0                     ; 0                     ; 0                     ; 0                     ; 0                     ; 0                     ; 0                     ; 0                     ; 0                     ; 0                     ; 0                     ; 0                     ; 0                     ; 0                     ; 0                     ; 0                     ; 1                     ; 0                     ; 0                    ; 0                    ; 0                    ; 0                    ; 0                    ; 0                    ; 0                    ; 0                    ; 0                    ; 0                         ; 0                         ; 0                         ; 0                         ; 0                        ; 0                 ; 0                 ; 0                 ; 0                 ; 0                           ; 0                           ; 0                           ; 0                           ; 0                           ; 0                       ; 0                            ; 0                          ; 0                          ; 0                          ; 1                          ;
; current_state.Write12        ; 0                     ; 0                     ; 0                     ; 0                     ; 0                     ; 0                     ; 0                     ; 0                     ; 0                     ; 0                     ; 0                     ; 0                     ; 0                     ; 0                     ; 0                     ; 1                     ; 0                     ; 0                     ; 0                    ; 0                    ; 0                    ; 0                    ; 0                    ; 0                    ; 0                    ; 0                    ; 0                    ; 0                         ; 0                         ; 0                         ; 0                         ; 0                        ; 0                 ; 0                 ; 0                 ; 0                 ; 0                           ; 0                           ; 0                           ; 0                           ; 0                           ; 0                       ; 0                            ; 0                          ; 0                          ; 0                          ; 1                          ;
; current_state.Write13        ; 0                     ; 0                     ; 0                     ; 0                     ; 0                     ; 0                     ; 0                     ; 0                     ; 0                     ; 0                     ; 0                     ; 0                     ; 0                     ; 0                     ; 1                     ; 0                     ; 0                     ; 0                     ; 0                    ; 0                    ; 0                    ; 0                    ; 0                    ; 0                    ; 0                    ; 0                    ; 0                    ; 0                         ; 0                         ; 0                         ; 0                         ; 0                        ; 0                 ; 0                 ; 0                 ; 0                 ; 0                           ; 0                           ; 0                           ; 0                           ; 0                           ; 0                       ; 0                            ; 0                          ; 0                          ; 0                          ; 1                          ;
; current_state.Write24        ; 0                     ; 0                     ; 0                     ; 0                     ; 0                     ; 0                     ; 0                     ; 0                     ; 0                     ; 0                     ; 0                     ; 0                     ; 0                     ; 1                     ; 0                     ; 0                     ; 0                     ; 0                     ; 0                    ; 0                    ; 0                    ; 0                    ; 0                    ; 0                    ; 0                    ; 0                    ; 0                    ; 0                         ; 0                         ; 0                         ; 0                         ; 0                        ; 0                 ; 0                 ; 0                 ; 0                 ; 0                           ; 0                           ; 0                           ; 0                           ; 0                           ; 0                       ; 0                            ; 0                          ; 0                          ; 0                          ; 1                          ;
; current_state.Write25        ; 0                     ; 0                     ; 0                     ; 0                     ; 0                     ; 0                     ; 0                     ; 0                     ; 0                     ; 0                     ; 0                     ; 0                     ; 1                     ; 0                     ; 0                     ; 0                     ; 0                     ; 0                     ; 0                    ; 0                    ; 0                    ; 0                    ; 0                    ; 0                    ; 0                    ; 0                    ; 0                    ; 0                         ; 0                         ; 0                         ; 0                         ; 0                        ; 0                 ; 0                 ; 0                 ; 0                 ; 0                           ; 0                           ; 0                           ; 0                           ; 0                           ; 0                       ; 0                            ; 0                          ; 0                          ; 0                          ; 1                          ;
; current_state.Write26        ; 0                     ; 0                     ; 0                     ; 0                     ; 0                     ; 0                     ; 0                     ; 0                     ; 0                     ; 0                     ; 0                     ; 1                     ; 0                     ; 0                     ; 0                     ; 0                     ; 0                     ; 0                     ; 0                    ; 0                    ; 0                    ; 0                    ; 0                    ; 0                    ; 0                    ; 0                    ; 0                    ; 0                         ; 0                         ; 0                         ; 0                         ; 0                        ; 0                 ; 0                 ; 0                 ; 0                 ; 0                           ; 0                           ; 0                           ; 0                           ; 0                           ; 0                       ; 0                            ; 0                          ; 0                          ; 0                          ; 1                          ;
; current_state.Write27        ; 0                     ; 0                     ; 0                     ; 0                     ; 0                     ; 0                     ; 0                     ; 0                     ; 0                     ; 0                     ; 1                     ; 0                     ; 0                     ; 0                     ; 0                     ; 0                     ; 0                     ; 0                     ; 0                    ; 0                    ; 0                    ; 0                    ; 0                    ; 0                    ; 0                    ; 0                    ; 0                    ; 0                         ; 0                         ; 0                         ; 0                         ; 0                        ; 0                 ; 0                 ; 0                 ; 0                 ; 0                           ; 0                           ; 0                           ; 0                           ; 0                           ; 0                       ; 0                            ; 0                          ; 0                          ; 0                          ; 1                          ;
; current_state.Write28        ; 0                     ; 0                     ; 0                     ; 0                     ; 0                     ; 0                     ; 0                     ; 0                     ; 0                     ; 1                     ; 0                     ; 0                     ; 0                     ; 0                     ; 0                     ; 0                     ; 0                     ; 0                     ; 0                    ; 0                    ; 0                    ; 0                    ; 0                    ; 0                    ; 0                    ; 0                    ; 0                    ; 0                         ; 0                         ; 0                         ; 0                         ; 0                        ; 0                 ; 0                 ; 0                 ; 0                 ; 0                           ; 0                           ; 0                           ; 0                           ; 0                           ; 0                       ; 0                            ; 0                          ; 0                          ; 0                          ; 1                          ;
; current_state.Write29        ; 0                     ; 0                     ; 0                     ; 0                     ; 0                     ; 0                     ; 0                     ; 0                     ; 1                     ; 0                     ; 0                     ; 0                     ; 0                     ; 0                     ; 0                     ; 0                     ; 0                     ; 0                     ; 0                    ; 0                    ; 0                    ; 0                    ; 0                    ; 0                    ; 0                    ; 0                    ; 0                    ; 0                         ; 0                         ; 0                         ; 0                         ; 0                        ; 0                 ; 0                 ; 0                 ; 0                 ; 0                           ; 0                           ; 0                           ; 0                           ; 0                           ; 0                       ; 0                            ; 0                          ; 0                          ; 0                          ; 1                          ;
; current_state.Write30        ; 0                     ; 0                     ; 0                     ; 0                     ; 0                     ; 0                     ; 0                     ; 1                     ; 0                     ; 0                     ; 0                     ; 0                     ; 0                     ; 0                     ; 0                     ; 0                     ; 0                     ; 0                     ; 0                    ; 0                    ; 0                    ; 0                    ; 0                    ; 0                    ; 0                    ; 0                    ; 0                    ; 0                         ; 0                         ; 0                         ; 0                         ; 0                        ; 0                 ; 0                 ; 0                 ; 0                 ; 0                           ; 0                           ; 0                           ; 0                           ; 0                           ; 0                       ; 0                            ; 0                          ; 0                          ; 0                          ; 1                          ;
; current_state.Write31        ; 0                     ; 0                     ; 0                     ; 0                     ; 0                     ; 0                     ; 1                     ; 0                     ; 0                     ; 0                     ; 0                     ; 0                     ; 0                     ; 0                     ; 0                     ; 0                     ; 0                     ; 0                     ; 0                    ; 0                    ; 0                    ; 0                    ; 0                    ; 0                    ; 0                    ; 0                    ; 0                    ; 0                         ; 0                         ; 0                         ; 0                         ; 0                        ; 0                 ; 0                 ; 0                 ; 0                 ; 0                           ; 0                           ; 0                           ; 0                           ; 0                           ; 0                       ; 0                            ; 0                          ; 0                          ; 0                          ; 1                          ;
; current_state.Write32        ; 0                     ; 0                     ; 0                     ; 0                     ; 0                     ; 1                     ; 0                     ; 0                     ; 0                     ; 0                     ; 0                     ; 0                     ; 0                     ; 0                     ; 0                     ; 0                     ; 0                     ; 0                     ; 0                    ; 0                    ; 0                    ; 0                    ; 0                    ; 0                    ; 0                    ; 0                    ; 0                    ; 0                         ; 0                         ; 0                         ; 0                         ; 0                        ; 0                 ; 0                 ; 0                 ; 0                 ; 0                           ; 0                           ; 0                           ; 0                           ; 0                           ; 0                       ; 0                            ; 0                          ; 0                          ; 0                          ; 1                          ;
; current_state.Write33        ; 0                     ; 0                     ; 0                     ; 0                     ; 1                     ; 0                     ; 0                     ; 0                     ; 0                     ; 0                     ; 0                     ; 0                     ; 0                     ; 0                     ; 0                     ; 0                     ; 0                     ; 0                     ; 0                    ; 0                    ; 0                    ; 0                    ; 0                    ; 0                    ; 0                    ; 0                    ; 0                    ; 0                         ; 0                         ; 0                         ; 0                         ; 0                        ; 0                 ; 0                 ; 0                 ; 0                 ; 0                           ; 0                           ; 0                           ; 0                           ; 0                           ; 0                       ; 0                            ; 0                          ; 0                          ; 0                          ; 1                          ;
; current_state.Write34        ; 0                     ; 0                     ; 0                     ; 1                     ; 0                     ; 0                     ; 0                     ; 0                     ; 0                     ; 0                     ; 0                     ; 0                     ; 0                     ; 0                     ; 0                     ; 0                     ; 0                     ; 0                     ; 0                    ; 0                    ; 0                    ; 0                    ; 0                    ; 0                    ; 0                    ; 0                    ; 0                    ; 0                         ; 0                         ; 0                         ; 0                         ; 0                        ; 0                 ; 0                 ; 0                 ; 0                 ; 0                           ; 0                           ; 0                           ; 0                           ; 0                           ; 0                       ; 0                            ; 0                          ; 0                          ; 0                          ; 1                          ;
; current_state.Write35        ; 0                     ; 0                     ; 1                     ; 0                     ; 0                     ; 0                     ; 0                     ; 0                     ; 0                     ; 0                     ; 0                     ; 0                     ; 0                     ; 0                     ; 0                     ; 0                     ; 0                     ; 0                     ; 0                    ; 0                    ; 0                    ; 0                    ; 0                    ; 0                    ; 0                    ; 0                    ; 0                    ; 0                         ; 0                         ; 0                         ; 0                         ; 0                        ; 0                 ; 0                 ; 0                 ; 0                 ; 0                           ; 0                           ; 0                           ; 0                           ; 0                           ; 0                       ; 0                            ; 0                          ; 0                          ; 0                          ; 1                          ;
; current_state.Write36        ; 0                     ; 1                     ; 0                     ; 0                     ; 0                     ; 0                     ; 0                     ; 0                     ; 0                     ; 0                     ; 0                     ; 0                     ; 0                     ; 0                     ; 0                     ; 0                     ; 0                     ; 0                     ; 0                    ; 0                    ; 0                    ; 0                    ; 0                    ; 0                    ; 0                    ; 0                    ; 0                    ; 0                         ; 0                         ; 0                         ; 0                         ; 0                        ; 0                 ; 0                 ; 0                 ; 0                 ; 0                           ; 0                           ; 0                           ; 0                           ; 0                           ; 0                       ; 0                            ; 0                          ; 0                          ; 0                          ; 1                          ;
; current_state.Write37        ; 1                     ; 0                     ; 0                     ; 0                     ; 0                     ; 0                     ; 0                     ; 0                     ; 0                     ; 0                     ; 0                     ; 0                     ; 0                     ; 0                     ; 0                     ; 0                     ; 0                     ; 0                     ; 0                    ; 0                    ; 0                    ; 0                    ; 0                    ; 0                    ; 0                    ; 0                    ; 0                    ; 0                         ; 0                         ; 0                         ; 0                         ; 0                        ; 0                 ; 0                 ; 0                 ; 0                 ; 0                           ; 0                           ; 0                           ; 0                           ; 0                           ; 0                       ; 0                            ; 0                          ; 0                          ; 0                          ; 1                          ;
+------------------------------+-----------------------+-----------------------+-----------------------+-----------------------+-----------------------+-----------------------+-----------------------+-----------------------+-----------------------+-----------------------+-----------------------+-----------------------+-----------------------+-----------------------+-----------------------+-----------------------+-----------------------+-----------------------+----------------------+----------------------+----------------------+----------------------+----------------------+----------------------+----------------------+----------------------+----------------------+---------------------------+---------------------------+---------------------------+---------------------------+--------------------------+-------------------+-------------------+-------------------+-------------------+-----------------------------+-----------------------------+-----------------------------+-----------------------------+-----------------------------+-------------------------+------------------------------+----------------------------+----------------------------+----------------------------+----------------------------+


+-----------------------------------------------------------------------------------------------------+
; User-Specified and Inferred Latches                                                                 ;
+----------------------------------------------------+-----------------------+------------------------+
; Latch Name                                         ; Latch Enable Signal   ; Free of Timing Hazards ;
+----------------------------------------------------+-----------------------+------------------------+
; FSM_LCD:fsm|\nx_proc:flag                          ; FSM_LCD:fsm|Selector8 ; yes                    ;
; Number of user-specified and inferred latches = 1  ;                       ;                        ;
+----------------------------------------------------+-----------------------+------------------------+
Note: All latches listed above may not be present at the end of synthesis due to various synthesis optimizations.


+------------------------------------------------------+
; General Register Statistics                          ;
+----------------------------------------------+-------+
; Statistic                                    ; Value ;
+----------------------------------------------+-------+
; Total registers                              ; 93    ;
; Number of registers using Synchronous Clear  ; 0     ;
; Number of registers using Synchronous Load   ; 0     ;
; Number of registers using Asynchronous Clear ; 75    ;
; Number of registers using Asynchronous Load  ; 0     ;
; Number of registers using Clock Enable       ; 0     ;
; Number of registers using Preset             ; 0     ;
+----------------------------------------------+-------+


+----------------------------------------------------------+
; Parameter Settings for User Entity Instance: FSM_LCD:fsm ;
+----------------+--------+--------------------------------+
; Parameter Name ; Value  ; Type                           ;
+----------------+--------+--------------------------------+
; clk_divisor    ; 100000 ; Signed Integer                 ;
+----------------+--------+--------------------------------+
Note: In order to hide this table in the UI and the text report file, please set the "Show Parameter Settings in Synthesis Report" option in "Analysis and Synthesis Settings -> More Settings" to "Off".


+-----------------------------------------------------+
; Post-Synthesis Netlist Statistics for Top Partition ;
+-----------------------+-----------------------------+
; Type                  ; Count                       ;
+-----------------------+-----------------------------+
; boundary_port         ; 26                          ;
; cycloneiii_ff         ; 93                          ;
;     CLR               ; 75                          ;
;     plain             ; 18                          ;
; cycloneiii_lcell_comb ; 141                         ;
;     arith             ; 42                          ;
;         2 data inputs ; 42                          ;
;     normal            ; 99                          ;
;         0 data inputs ; 1                           ;
;         1 data inputs ; 4                           ;
;         2 data inputs ; 19                          ;
;         3 data inputs ; 25                          ;
;         4 data inputs ; 50                          ;
;                       ;                             ;
; Max LUT depth         ; 7.30                        ;
; Average LUT depth     ; 3.75                        ;
+-----------------------+-----------------------------+


+-------------------------------+
; Elapsed Time Per Partition    ;
+----------------+--------------+
; Partition Name ; Elapsed Time ;
+----------------+--------------+
; Top            ; 00:00:01     ;
+----------------+--------------+


+-------------------------------+
; Analysis & Synthesis Messages ;
+-------------------------------+
Info: *******************************************************************
Info: Running Quartus Prime Analysis & Synthesis
    Info: Version 20.1.0 Build 711 06/05/2020 SJ Lite Edition
    Info: Processing started: Thu Apr  1 19:10:02 2021
Info: Command: quartus_map --read_settings_files=on --write_settings_files=off LCD -c LCD
Warning (18236): Number of processors has not been specified which may cause overloading on shared machines.  Set the global assignment NUM_PARALLEL_PROCESSORS in your QSF to an appropriate value for best performance.
Info (20030): Parallel compilation is enabled and will use 2 of the 2 processors detected
Info (12021): Found 2 design units, including 1 entities, in source file cont_bin_lcd.vhd
    Info (12022): Found design unit 1: cont_bin_lcd-behav File: /home/simon/Documentos/FACULTAD_linux/Sistemas Digitales Avanzados/Laboratorios/RS232-FPGA/LCD/cont_bin_lcd.vhd Line: 12
    Info (12023): Found entity 1: cont_bin_lcd File: /home/simon/Documentos/FACULTAD_linux/Sistemas Digitales Avanzados/Laboratorios/RS232-FPGA/LCD/cont_bin_lcd.vhd Line: 4
Info (12021): Found 2 design units, including 1 entities, in source file FSM_LCD.vhd
    Info (12022): Found design unit 1: FSM_LCD-behav File: /home/simon/Documentos/FACULTAD_linux/Sistemas Digitales Avanzados/Laboratorios/RS232-FPGA/LCD/FSM_LCD.vhd Line: 21
    Info (12023): Found entity 1: FSM_LCD File: /home/simon/Documentos/FACULTAD_linux/Sistemas Digitales Avanzados/Laboratorios/RS232-FPGA/LCD/FSM_LCD.vhd Line: 4
Info (12021): Found 2 design units, including 1 entities, in source file LCD.vhd
    Info (12022): Found design unit 1: LCD-behav File: /home/simon/Documentos/FACULTAD_linux/Sistemas Digitales Avanzados/Laboratorios/RS232-FPGA/LCD/LCD.vhd Line: 18
    Info (12023): Found entity 1: LCD File: /home/simon/Documentos/FACULTAD_linux/Sistemas Digitales Avanzados/Laboratorios/RS232-FPGA/LCD/LCD.vhd Line: 4
Info (12021): Found 2 design units, including 1 entities, in source file tb_LCD.vhd
    Info (12022): Found design unit 1: tb_LCD-behav File: /home/simon/Documentos/FACULTAD_linux/Sistemas Digitales Avanzados/Laboratorios/RS232-FPGA/LCD/tb_LCD.vhd Line: 7
    Info (12023): Found entity 1: tb_LCD File: /home/simon/Documentos/FACULTAD_linux/Sistemas Digitales Avanzados/Laboratorios/RS232-FPGA/LCD/tb_LCD.vhd Line: 4
Info (12127): Elaborating entity "LCD" for the top level hierarchy
Info (12128): Elaborating entity "FSM_LCD" for hierarchy "FSM_LCD:fsm" File: /home/simon/Documentos/FACULTAD_linux/Sistemas Digitales Avanzados/Laboratorios/RS232-FPGA/LCD/LCD.vhd Line: 49
Warning (10524): VHDL warning at FSM_LCD.vhd(24): used 'X' for unrecognized character 'o' in enumerated type File: /home/simon/Documentos/FACULTAD_linux/Sistemas Digitales Avanzados/Laboratorios/RS232-FPGA/LCD/FSM_LCD.vhd Line: 24
Warning (10524): VHDL warning at FSM_LCD.vhd(24): used 'X' for unrecognized character 'n' in enumerated type File: /home/simon/Documentos/FACULTAD_linux/Sistemas Digitales Avanzados/Laboratorios/RS232-FPGA/LCD/FSM_LCD.vhd Line: 24
Warning (10524): VHDL warning at FSM_LCD.vhd(24): used 'X' for unrecognized character 'e' in enumerated type File: /home/simon/Documentos/FACULTAD_linux/Sistemas Digitales Avanzados/Laboratorios/RS232-FPGA/LCD/FSM_LCD.vhd Line: 24
Warning (10524): VHDL warning at FSM_LCD.vhd(24): used 'X' for unrecognized character 't' in enumerated type File: /home/simon/Documentos/FACULTAD_linux/Sistemas Digitales Avanzados/Laboratorios/RS232-FPGA/LCD/FSM_LCD.vhd Line: 24
Warning (10336): VHDL Attribute warning in FSM_LCD.vhd(24): ENUM_ENCODING or SYN_ENCODING attribute for enumeration type "FSM_states" does not specify a valid encoding for every enumeration literal -- ignored all encodings File: /home/simon/Documentos/FACULTAD_linux/Sistemas Digitales Avanzados/Laboratorios/RS232-FPGA/LCD/FSM_LCD.vhd Line: 24
Warning (10492): VHDL Process Statement warning at FSM_LCD.vhd(57): signal "reset_low" is read inside the Process Statement but isn't in the Process Statement's sensitivity list File: /home/simon/Documentos/FACULTAD_linux/Sistemas Digitales Avanzados/Laboratorios/RS232-FPGA/LCD/FSM_LCD.vhd Line: 57
Warning (10631): VHDL Process Statement warning at FSM_LCD.vhd(65): inferring latch(es) for signal or variable "flag", which holds its previous value in one or more paths through the process File: /home/simon/Documentos/FACULTAD_linux/Sistemas Digitales Avanzados/Laboratorios/RS232-FPGA/LCD/FSM_LCD.vhd Line: 65
Warning (10492): VHDL Process Statement warning at FSM_LCD.vhd(247): signal "byte" is read inside the Process Statement but isn't in the Process Statement's sensitivity list File: /home/simon/Documentos/FACULTAD_linux/Sistemas Digitales Avanzados/Laboratorios/RS232-FPGA/LCD/FSM_LCD.vhd Line: 247
Info (10041): Inferred latch for "nx_proc:flag" at FSM_LCD.vhd(65) File: /home/simon/Documentos/FACULTAD_linux/Sistemas Digitales Avanzados/Laboratorios/RS232-FPGA/LCD/FSM_LCD.vhd Line: 65
Info (12128): Elaborating entity "cont_bin_lcd" for hierarchy "cont_bin_lcd:cont" File: /home/simon/Documentos/FACULTAD_linux/Sistemas Digitales Avanzados/Laboratorios/RS232-FPGA/LCD/LCD.vhd Line: 51
Warning (13012): Latch FSM_LCD:fsm|\nx_proc:flag has unsafe behavior
    Warning (13013): Ports D and ENA on the latch are fed by the same signal entradas[0] File: /home/simon/Documentos/FACULTAD_linux/Sistemas Digitales Avanzados/Laboratorios/RS232-FPGA/LCD/LCD.vhd Line: 8
Warning (13024): Output pins are stuck at VCC or GND
    Warning (13410): Pin "rw" is stuck at GND File: /home/simon/Documentos/FACULTAD_linux/Sistemas Digitales Avanzados/Laboratorios/RS232-FPGA/LCD/LCD.vhd Line: 11
Info (286030): Timing-Driven Synthesis is running
Info (16010): Generating hard_block partition "hard_block:auto_generated_inst"
    Info (16011): Adding 0 node(s), including 0 DDIO, 0 PLL, 0 transceiver and 0 LCELL
Info (21057): Implemented 210 device resources after synthesis - the final resource count might be different
    Info (21058): Implemented 15 input pins
    Info (21059): Implemented 11 output pins
    Info (21061): Implemented 184 logic cells
Info: Quartus Prime Analysis & Synthesis was successful. 0 errors, 13 warnings
    Info: Peak virtual memory: 427 megabytes
    Info: Processing ended: Thu Apr  1 19:10:12 2021
    Info: Elapsed time: 00:00:10
    Info: Total CPU time (on all processors): 00:00:22


