Analysis & Synthesis report for rx
Thu Dec 24 15:50:36 2020
Quartus Prime Version 18.0.0 Build 614 04/24/2018 SJ Lite Edition


---------------------
; Table of Contents ;
---------------------
  1. Legal Notice
  2. Analysis & Synthesis Summary
  3. Analysis & Synthesis Settings
  4. Parallel Compilation
  5. Analysis & Synthesis Source Files Read
  6. Analysis & Synthesis Resource Usage Summary
  7. Analysis & Synthesis Resource Utilization by Entity
  8. State Machine - |rx|UART_RX:uart|state
  9. General Register Statistics
 10. Multiplexer Restructuring Statistics (Restructuring Performed)
 11. Parameter Settings for User Entity Instance: Top-level Entity: |rx
 12. Parameter Settings for User Entity Instance: UART_RX:uart
 13. Port Connectivity Checks: "mod_7seg:seg"
 14. Post-Synthesis Netlist Statistics for Top Partition
 15. Elapsed Time Per Partition
 16. Analysis & Synthesis Messages



----------------
; Legal Notice ;
----------------
Copyright (C) 2018  Intel Corporation. All rights reserved.
Your use of Intel Corporation's design tools, logic functions 
and other software and tools, and its AMPP partner logic 
functions, and any output files from any of the foregoing 
(including device programming or simulation files), and any 
associated documentation or information are expressly subject 
to the terms and conditions of the Intel Program License 
Subscription Agreement, the Intel Quartus Prime License Agreement,
the Intel FPGA IP License Agreement, or other applicable license
agreement, including, without limitation, that your use is for
the sole purpose of programming logic devices manufactured by
Intel and sold by Intel or its authorized distributors.  Please
refer to the applicable agreement for further details.



+----------------------------------------------------------------------------------+
; Analysis & Synthesis Summary                                                     ;
+------------------------------------+---------------------------------------------+
; Analysis & Synthesis Status        ; Successful - Thu Dec 24 15:50:36 2020       ;
; Quartus Prime Version              ; 18.0.0 Build 614 04/24/2018 SJ Lite Edition ;
; Revision Name                      ; rx                                          ;
; Top-level Entity Name              ; rx                                          ;
; Family                             ; Cyclone IV E                                ;
; Total logic elements               ; 90                                          ;
;     Total combinational functions  ; 90                                          ;
;     Dedicated logic registers      ; 49                                          ;
; Total registers                    ; 49                                          ;
; Total pins                         ; 14                                          ;
; Total virtual pins                 ; 0                                           ;
; Total memory bits                  ; 0                                           ;
; Embedded Multiplier 9-bit elements ; 0                                           ;
; Total PLLs                         ; 0                                           ;
+------------------------------------+---------------------------------------------+


+------------------------------------------------------------------------------------------------------------+
; Analysis & Synthesis Settings                                                                              ;
+------------------------------------------------------------------+--------------------+--------------------+
; Option                                                           ; Setting            ; Default Value      ;
+------------------------------------------------------------------+--------------------+--------------------+
; Device                                                           ; EP4CE6E22C8        ;                    ;
; Top-level entity name                                            ; rx                 ; rx                 ;
; Family name                                                      ; Cyclone IV E       ; Cyclone V          ;
; Use smart compilation                                            ; Off                ; Off                ;
; Enable parallel Assembler and Timing Analyzer during compilation ; On                 ; On                 ;
; Enable compact report table                                      ; Off                ; Off                ;
; Restructure Multiplexers                                         ; Auto               ; Auto               ;
; Create Debugging Nodes for IP Cores                              ; Off                ; Off                ;
; Preserve fewer node names                                        ; On                 ; On                 ;
; Intel FPGA IP Evaluation Mode                                    ; Enable             ; Enable             ;
; Verilog Version                                                  ; Verilog_2001       ; Verilog_2001       ;
; VHDL Version                                                     ; VHDL_1993          ; VHDL_1993          ;
; State Machine Processing                                         ; Auto               ; Auto               ;
; Safe State Machine                                               ; Off                ; Off                ;
; Extract Verilog State Machines                                   ; On                 ; On                 ;
; Extract VHDL State Machines                                      ; On                 ; On                 ;
; Ignore Verilog initial constructs                                ; Off                ; Off                ;
; Iteration limit for constant Verilog loops                       ; 5000               ; 5000               ;
; Iteration limit for non-constant Verilog loops                   ; 250                ; 250                ;
; Add Pass-Through Logic to Inferred RAMs                          ; On                 ; On                 ;
; Infer RAMs from Raw Logic                                        ; On                 ; On                 ;
; Parallel Synthesis                                               ; On                 ; On                 ;
; DSP Block Balancing                                              ; Auto               ; Auto               ;
; NOT Gate Push-Back                                               ; On                 ; On                 ;
; Power-Up Don't Care                                              ; On                 ; On                 ;
; Remove Redundant Logic Cells                                     ; Off                ; Off                ;
; Remove Duplicate Registers                                       ; On                 ; On                 ;
; Ignore CARRY Buffers                                             ; Off                ; Off                ;
; Ignore CASCADE Buffers                                           ; Off                ; Off                ;
; Ignore GLOBAL Buffers                                            ; Off                ; Off                ;
; Ignore ROW GLOBAL Buffers                                        ; Off                ; Off                ;
; Ignore LCELL Buffers                                             ; Off                ; Off                ;
; Ignore SOFT Buffers                                              ; On                 ; On                 ;
; Limit AHDL Integers to 32 Bits                                   ; Off                ; Off                ;
; Optimization Technique                                           ; Balanced           ; Balanced           ;
; Carry Chain Length                                               ; 70                 ; 70                 ;
; Auto Carry Chains                                                ; On                 ; On                 ;
; Auto Open-Drain Pins                                             ; On                 ; On                 ;
; Perform WYSIWYG Primitive Resynthesis                            ; Off                ; Off                ;
; Auto ROM Replacement                                             ; On                 ; On                 ;
; Auto RAM Replacement                                             ; On                 ; On                 ;
; Auto DSP Block Replacement                                       ; On                 ; On                 ;
; Auto Shift Register Replacement                                  ; Auto               ; Auto               ;
; Allow Shift Register Merging across Hierarchies                  ; Auto               ; Auto               ;
; Auto Clock Enable Replacement                                    ; On                 ; On                 ;
; Strict RAM Replacement                                           ; Off                ; Off                ;
; Allow Synchronous Control Signals                                ; On                 ; On                 ;
; Force Use of Synchronous Clear Signals                           ; Off                ; Off                ;
; Auto RAM Block Balancing                                         ; On                 ; On                 ;
; Auto RAM to Logic Cell Conversion                                ; Off                ; Off                ;
; Auto Resource Sharing                                            ; Off                ; Off                ;
; Allow Any RAM Size For Recognition                               ; Off                ; Off                ;
; Allow Any ROM Size For Recognition                               ; Off                ; Off                ;
; Allow Any Shift Register Size For Recognition                    ; Off                ; Off                ;
; Use LogicLock Constraints during Resource Balancing              ; On                 ; On                 ;
; Ignore translate_off and synthesis_off directives                ; Off                ; Off                ;
; Timing-Driven Synthesis                                          ; On                 ; On                 ;
; Report Parameter Settings                                        ; On                 ; On                 ;
; Report Source Assignments                                        ; On                 ; On                 ;
; Report Connectivity Checks                                       ; On                 ; On                 ;
; Ignore Maximum Fan-Out Assignments                               ; Off                ; Off                ;
; Synchronization Register Chain Length                            ; 2                  ; 2                  ;
; Power Optimization During Synthesis                              ; Normal compilation ; Normal compilation ;
; HDL message level                                                ; Level2             ; Level2             ;
; Suppress Register Optimization Related Messages                  ; Off                ; Off                ;
; Number of Removed Registers Reported in Synthesis Report         ; 5000               ; 5000               ;
; Number of Swept Nodes Reported in Synthesis Report               ; 5000               ; 5000               ;
; Number of Inverted Registers Reported in Synthesis Report        ; 100                ; 100                ;
; Clock MUX Protection                                             ; On                 ; On                 ;
; Auto Gated Clock Conversion                                      ; Off                ; Off                ;
; Block Design Naming                                              ; Auto               ; Auto               ;
; SDC constraint protection                                        ; Off                ; Off                ;
; Synthesis Effort                                                 ; Auto               ; Auto               ;
; Shift Register Replacement - Allow Asynchronous Clear Signal     ; On                 ; On                 ;
; Pre-Mapping Resynthesis Optimization                             ; Off                ; Off                ;
; Analysis & Synthesis Message Level                               ; Medium             ; Medium             ;
; Disable Register Merging Across Hierarchies                      ; Auto               ; Auto               ;
; Resource Aware Inference For Block RAM                           ; On                 ; On                 ;
+------------------------------------------------------------------+--------------------+--------------------+


+------------------------------------------+
; Parallel Compilation                     ;
+----------------------------+-------------+
; Processors                 ; Number      ;
+----------------------------+-------------+
; Number detected on machine ; 4           ;
; Maximum allowed            ; 2           ;
;                            ;             ;
; Average used               ; 1.00        ;
; Maximum used               ; 2           ;
;                            ;             ;
; Usage by Processor         ; % Time Used ;
;     Processor 1            ; 100.0%      ;
;     Processor 2            ;   0.0%      ;
+----------------------------+-------------+


+---------------------------------------------------------------------------------------------------------------------------------------------------------------------------------------------+
; Analysis & Synthesis Source Files Read                                                                                                                                                      ;
+----------------------------------+-----------------+-----------------+------------------------------------------------------------------------------------------------------------+---------+
; File Name with User-Entered Path ; Used in Netlist ; File Type       ; File Name with Absolute Path                                                                               ; Library ;
+----------------------------------+-----------------+-----------------+------------------------------------------------------------------------------------------------------------+---------+
; mod_7seg.vhd                     ; yes             ; User VHDL File  ; /home/simon/Documentos/FACULTAD/Sistemas Digitales Avanzados/Laboratorios/RS232-FPGA/Receptor/mod_7seg.vhd ;         ;
; ../UART_RX/UART_RX.vhd           ; yes             ; User VHDL File  ; /home/simon/Documentos/FACULTAD/Sistemas Digitales Avanzados/Laboratorios/RS232-FPGA/UART_RX/UART_RX.vhd   ;         ;
; rx.vhd                           ; yes             ; User VHDL File  ; /home/simon/Documentos/FACULTAD/Sistemas Digitales Avanzados/Laboratorios/RS232-FPGA/Receptor/rx.vhd       ;         ;
+----------------------------------+-----------------+-----------------+------------------------------------------------------------------------------------------------------------+---------+


+---------------------------------------------------------+
; Analysis & Synthesis Resource Usage Summary             ;
+---------------------------------------------+-----------+
; Resource                                    ; Usage     ;
+---------------------------------------------+-----------+
; Estimated Total logic elements              ; 90        ;
;                                             ;           ;
; Total combinational functions               ; 90        ;
; Logic element usage by number of LUT inputs ;           ;
;     -- 4 input functions                    ; 39        ;
;     -- 3 input functions                    ; 10        ;
;     -- <=2 input functions                  ; 41        ;
;                                             ;           ;
; Logic elements by mode                      ;           ;
;     -- normal mode                          ; 60        ;
;     -- arithmetic mode                      ; 30        ;
;                                             ;           ;
; Total registers                             ; 49        ;
;     -- Dedicated logic registers            ; 49        ;
;     -- I/O registers                        ; 0         ;
;                                             ;           ;
; I/O pins                                    ; 14        ;
;                                             ;           ;
; Embedded Multiplier 9-bit elements          ; 0         ;
;                                             ;           ;
; Maximum fan-out node                        ; clk~input ;
; Maximum fan-out                             ; 49        ;
; Total fan-out                               ; 434       ;
; Average fan-out                             ; 2.60      ;
+---------------------------------------------+-----------+


+----------------------------------------------------------------------------------------------------------------------------------------------------------------------------------------------------------+
; Analysis & Synthesis Resource Utilization by Entity                                                                                                                                                      ;
+----------------------------+---------------------+---------------------------+-------------+--------------+---------+-----------+------+--------------+---------------------+-------------+--------------+
; Compilation Hierarchy Node ; Combinational ALUTs ; Dedicated Logic Registers ; Memory Bits ; DSP Elements ; DSP 9x9 ; DSP 18x18 ; Pins ; Virtual Pins ; Full Hierarchy Name ; Entity Name ; Library Name ;
+----------------------------+---------------------+---------------------------+-------------+--------------+---------+-----------+------+--------------+---------------------+-------------+--------------+
; |rx                        ; 90 (0)              ; 49 (0)                    ; 0           ; 0            ; 0       ; 0         ; 14   ; 0            ; |rx                 ;             ;              ;
;    |UART_RX:uart|          ; 55 (55)             ; 29 (29)                   ; 0           ; 0            ; 0       ; 0         ; 0    ; 0            ; |rx|UART_RX:uart    ; UART_RX     ; work         ;
;    |mod_7seg:seg|          ; 35 (35)             ; 20 (20)                   ; 0           ; 0            ; 0       ; 0         ; 0    ; 0            ; |rx|mod_7seg:seg    ; mod_7seg    ; work         ;
+----------------------------+---------------------+---------------------------+-------------+--------------+---------+-----------+------+--------------+---------------------+-------------+--------------+
Note: For table entries with two numbers listed, the numbers in parentheses indicate the number of resources of the given type used by the specific entity alone. The numbers listed outside of parentheses indicate the total resources of the given type used by the specific entity and all of its sub-entities in the hierarchy.


Encoding Type:  One-Hot
+----------------------------------------------------------------------------------------+
; State Machine - |rx|UART_RX:uart|state                                                 ;
+----------------+--------------+------------+----------------+-------------+------------+
; Name           ; state.espera ; state.stop ; state.data_bit ; state.start ; state.idle ;
+----------------+--------------+------------+----------------+-------------+------------+
; state.idle     ; 0            ; 0          ; 0              ; 0           ; 0          ;
; state.start    ; 0            ; 0          ; 0              ; 1           ; 1          ;
; state.data_bit ; 0            ; 0          ; 1              ; 0           ; 1          ;
; state.stop     ; 0            ; 1          ; 0              ; 0           ; 1          ;
; state.espera   ; 1            ; 0          ; 0              ; 0           ; 1          ;
+----------------+--------------+------------+----------------+-------------+------------+


+------------------------------------------------------+
; General Register Statistics                          ;
+----------------------------------------------+-------+
; Statistic                                    ; Value ;
+----------------------------------------------+-------+
; Total registers                              ; 49    ;
; Number of registers using Synchronous Clear  ; 13    ;
; Number of registers using Synchronous Load   ; 0     ;
; Number of registers using Asynchronous Clear ; 20    ;
; Number of registers using Asynchronous Load  ; 0     ;
; Number of registers using Clock Enable       ; 13    ;
; Number of registers using Preset             ; 0     ;
+----------------------------------------------+-------+


+---------------------------------------------------------------------------------------------------------------------------------------------+
; Multiplexer Restructuring Statistics (Restructuring Performed)                                                                              ;
+--------------------+-----------+---------------+----------------------+------------------------+------------+-------------------------------+
; Multiplexer Inputs ; Bus Width ; Baseline Area ; Area if Restructured ; Saving if Restructured ; Registered ; Example Multiplexer Output    ;
+--------------------+-----------+---------------+----------------------+------------------------+------------+-------------------------------+
; 7:1                ; 13 bits   ; 52 LEs        ; 13 LEs               ; 39 LEs                 ; Yes        ; |rx|UART_RX:uart|baud_cont[0] ;
; 4:1                ; 4 bits    ; 8 LEs         ; 8 LEs                ; 0 LEs                  ; No         ; |rx|mod_7seg:seg|Mux1         ;
; 3:1                ; 3 bits    ; 6 LEs         ; 6 LEs                ; 0 LEs                  ; No         ; |rx|UART_RX:uart|bit_cont     ;
+--------------------+-----------+---------------+----------------------+------------------------+------------+-------------------------------+


+--------------------------------------------------------------------+
; Parameter Settings for User Entity Instance: Top-level Entity: |rx ;
+----------------+-------+-------------------------------------------+
; Parameter Name ; Value ; Type                                      ;
+----------------+-------+-------------------------------------------+
; clksXbit       ; 5209  ; Signed Integer                            ;
+----------------+-------+-------------------------------------------+
Note: In order to hide this table in the UI and the text report file, please set the "Show Parameter Settings in Synthesis Report" option in "Analysis and Synthesis Settings -> More Settings" to "Off".


+-----------------------------------------------------------+
; Parameter Settings for User Entity Instance: UART_RX:uart ;
+----------------+-------+----------------------------------+
; Parameter Name ; Value ; Type                             ;
+----------------+-------+----------------------------------+
; clksxbit       ; 5209  ; Signed Integer                   ;
+----------------+-------+----------------------------------+
Note: In order to hide this table in the UI and the text report file, please set the "Show Parameter Settings in Synthesis Report" option in "Analysis and Synthesis Settings -> More Settings" to "Off".


+--------------------------------------------------------------------------------------------------------------------+
; Port Connectivity Checks: "mod_7seg:seg"                                                                           ;
+----------+--------+----------+-------------------------------------------------------------------------------------+
; Port     ; Type   ; Severity ; Details                                                                             ;
+----------+--------+----------+-------------------------------------------------------------------------------------+
; x[15..8] ; Input  ; Info     ; Stuck at VCC                                                                        ;
; dp       ; Output ; Info     ; Connected to dangling logic. Logic that only feeds a dangling port will be removed. ;
+----------+--------+----------+-------------------------------------------------------------------------------------+


+-----------------------------------------------------+
; Post-Synthesis Netlist Statistics for Top Partition ;
+-----------------------+-----------------------------+
; Type                  ; Count                       ;
+-----------------------+-----------------------------+
; boundary_port         ; 14                          ;
; cycloneiii_ff         ; 49                          ;
;     CLR               ; 20                          ;
;     ENA SCLR          ; 13                          ;
;     plain             ; 16                          ;
; cycloneiii_lcell_comb ; 94                          ;
;     arith             ; 30                          ;
;         2 data inputs ; 29                          ;
;         3 data inputs ; 1                           ;
;     normal            ; 64                          ;
;         1 data inputs ; 7                           ;
;         2 data inputs ; 9                           ;
;         3 data inputs ; 9                           ;
;         4 data inputs ; 39                          ;
;                       ;                             ;
; Max LUT depth         ; 6.00                        ;
; Average LUT depth     ; 3.00                        ;
+-----------------------+-----------------------------+


+-------------------------------+
; Elapsed Time Per Partition    ;
+----------------+--------------+
; Partition Name ; Elapsed Time ;
+----------------+--------------+
; Top            ; 00:00:00     ;
+----------------+--------------+


+-------------------------------+
; Analysis & Synthesis Messages ;
+-------------------------------+
Info: *******************************************************************
Info: Running Quartus Prime Analysis & Synthesis
    Info: Version 18.0.0 Build 614 04/24/2018 SJ Lite Edition
    Info: Processing started: Thu Dec 24 15:50:24 2020
Info: Command: quartus_map --read_settings_files=on --write_settings_files=off rx -c rx
Warning (18236): Number of processors has not been specified which may cause overloading on shared machines.  Set the global assignment NUM_PARALLEL_PROCESSORS in your QSF to an appropriate value for best performance.
Info (20030): Parallel compilation is enabled and will use 2 of the 2 processors detected
Info (12021): Found 2 design units, including 1 entities, in source file mod_7seg.vhd
    Info (12022): Found design unit 1: mod_7seg-behav File: /home/simon/Documentos/FACULTAD/Sistemas Digitales Avanzados/Laboratorios/RS232-FPGA/Receptor/mod_7seg.vhd Line: 16
    Info (12023): Found entity 1: mod_7seg File: /home/simon/Documentos/FACULTAD/Sistemas Digitales Avanzados/Laboratorios/RS232-FPGA/Receptor/mod_7seg.vhd Line: 5
Info (12021): Found 2 design units, including 1 entities, in source file /home/simon/Documentos/FACULTAD/Sistemas Digitales Avanzados/Laboratorios/RS232-FPGA/UART_RX/UART_RX.vhd
    Info (12022): Found design unit 1: UART_RX-behav File: /home/simon/Documentos/FACULTAD/Sistemas Digitales Avanzados/Laboratorios/RS232-FPGA/UART_RX/UART_RX.vhd Line: 17
    Info (12023): Found entity 1: UART_RX File: /home/simon/Documentos/FACULTAD/Sistemas Digitales Avanzados/Laboratorios/RS232-FPGA/UART_RX/UART_RX.vhd Line: 5
Info (12021): Found 2 design units, including 1 entities, in source file rx.vhd
    Info (12022): Found design unit 1: rx-behav File: /home/simon/Documentos/FACULTAD/Sistemas Digitales Avanzados/Laboratorios/RS232-FPGA/Receptor/rx.vhd Line: 19
    Info (12023): Found entity 1: rx File: /home/simon/Documentos/FACULTAD/Sistemas Digitales Avanzados/Laboratorios/RS232-FPGA/Receptor/rx.vhd Line: 5
Info (12127): Elaborating entity "rx" for the top level hierarchy
Info (12128): Elaborating entity "UART_RX" for hierarchy "UART_RX:uart" File: /home/simon/Documentos/FACULTAD/Sistemas Digitales Avanzados/Laboratorios/RS232-FPGA/Receptor/rx.vhd Line: 46
Warning (10524): VHDL warning at UART_RX.vhd(19): used 'X' for unrecognized character 'o' in enumerated type File: /home/simon/Documentos/FACULTAD/Sistemas Digitales Avanzados/Laboratorios/RS232-FPGA/UART_RX/UART_RX.vhd Line: 19
Warning (10524): VHDL warning at UART_RX.vhd(19): used 'X' for unrecognized character 'n' in enumerated type File: /home/simon/Documentos/FACULTAD/Sistemas Digitales Avanzados/Laboratorios/RS232-FPGA/UART_RX/UART_RX.vhd Line: 19
Warning (10524): VHDL warning at UART_RX.vhd(19): used 'X' for unrecognized character 'e' in enumerated type File: /home/simon/Documentos/FACULTAD/Sistemas Digitales Avanzados/Laboratorios/RS232-FPGA/UART_RX/UART_RX.vhd Line: 19
Warning (10524): VHDL warning at UART_RX.vhd(19): used 'X' for unrecognized character 't' in enumerated type File: /home/simon/Documentos/FACULTAD/Sistemas Digitales Avanzados/Laboratorios/RS232-FPGA/UART_RX/UART_RX.vhd Line: 19
Warning (10336): VHDL Attribute warning in UART_RX.vhd(19): ENUM_ENCODING or SYN_ENCODING attribute for enumeration type "FSM_states" does not specify a valid encoding for every enumeration literal -- ignored all encodings File: /home/simon/Documentos/FACULTAD/Sistemas Digitales Avanzados/Laboratorios/RS232-FPGA/UART_RX/UART_RX.vhd Line: 19
Info (12128): Elaborating entity "mod_7seg" for hierarchy "mod_7seg:seg" File: /home/simon/Documentos/FACULTAD/Sistemas Digitales Avanzados/Laboratorios/RS232-FPGA/Receptor/rx.vhd Line: 48
Info (286030): Timing-Driven Synthesis is running
Info (16010): Generating hard_block partition "hard_block:auto_generated_inst"
    Info (16011): Adding 0 node(s), including 0 DDIO, 0 PLL, 0 transceiver and 0 LCELL
Info (21057): Implemented 104 device resources after synthesis - the final resource count might be different
    Info (21058): Implemented 3 input pins
    Info (21059): Implemented 11 output pins
    Info (21061): Implemented 90 logic cells
Info: Quartus Prime Analysis & Synthesis was successful. 0 errors, 6 warnings
    Info: Peak virtual memory: 944 megabytes
    Info: Processing ended: Thu Dec 24 15:50:36 2020
    Info: Elapsed time: 00:00:12
    Info: Total CPU time (on all processors): 00:00:27


