Analysis & Synthesis report for Punto_B
Sat Nov 21 03:00:17 2020
Quartus Prime Version 18.0.0 Build 614 04/24/2018 SJ Lite Edition


---------------------
; Table of Contents ;
---------------------
  1. Legal Notice
  2. Analysis & Synthesis Summary
  3. Analysis & Synthesis Settings
  4. Parallel Compilation
  5. Analysis & Synthesis Source Files Read
  6. Analysis & Synthesis Resource Usage Summary
  7. Analysis & Synthesis Resource Utilization by Entity
  8. State Machine - |Punto_B|FSM_Memoria:FSM|current_state
  9. User-Specified and Inferred Latches
 10. Registers Removed During Synthesis
 11. General Register Statistics
 12. Inverted Register Statistics
 13. Multiplexer Restructuring Statistics (Restructuring Performed)
 14. Post-Synthesis Netlist Statistics for Top Partition
 15. Elapsed Time Per Partition
 16. Analysis & Synthesis Messages



----------------
; Legal Notice ;
----------------
Copyright (C) 2018  Intel Corporation. All rights reserved.
Your use of Intel Corporation's design tools, logic functions 
and other software and tools, and its AMPP partner logic 
functions, and any output files from any of the foregoing 
(including device programming or simulation files), and any 
associated documentation or information are expressly subject 
to the terms and conditions of the Intel Program License 
Subscription Agreement, the Intel Quartus Prime License Agreement,
the Intel FPGA IP License Agreement, or other applicable license
agreement, including, without limitation, that your use is for
the sole purpose of programming logic devices manufactured by
Intel and sold by Intel or its authorized distributors.  Please
refer to the applicable agreement for further details.



+----------------------------------------------------------------------------------+
; Analysis & Synthesis Summary                                                     ;
+------------------------------------+---------------------------------------------+
; Analysis & Synthesis Status        ; Successful - Sat Nov 21 03:00:17 2020       ;
; Quartus Prime Version              ; 18.0.0 Build 614 04/24/2018 SJ Lite Edition ;
; Revision Name                      ; Punto_B                                     ;
; Top-level Entity Name              ; Punto_B                                     ;
; Family                             ; Cyclone IV E                                ;
; Total logic elements               ; 116                                         ;
;     Total combinational functions  ; 113                                         ;
;     Dedicated logic registers      ; 33                                          ;
; Total registers                    ; 33                                          ;
; Total pins                         ; 29                                          ;
; Total virtual pins                 ; 0                                           ;
; Total memory bits                  ; 0                                           ;
; Embedded Multiplier 9-bit elements ; 0                                           ;
; Total PLLs                         ; 0                                           ;
+------------------------------------+---------------------------------------------+


+------------------------------------------------------------------------------------------------------------+
; Analysis & Synthesis Settings                                                                              ;
+------------------------------------------------------------------+--------------------+--------------------+
; Option                                                           ; Setting            ; Default Value      ;
+------------------------------------------------------------------+--------------------+--------------------+
; Top-level entity name                                            ; Punto_B            ; Punto_B            ;
; Family name                                                      ; Cyclone IV E       ; Cyclone V          ;
; Use smart compilation                                            ; Off                ; Off                ;
; Enable parallel Assembler and Timing Analyzer during compilation ; On                 ; On                 ;
; Enable compact report table                                      ; Off                ; Off                ;
; Restructure Multiplexers                                         ; Auto               ; Auto               ;
; Create Debugging Nodes for IP Cores                              ; Off                ; Off                ;
; Preserve fewer node names                                        ; On                 ; On                 ;
; Intel FPGA IP Evaluation Mode                                    ; Enable             ; Enable             ;
; Verilog Version                                                  ; Verilog_2001       ; Verilog_2001       ;
; VHDL Version                                                     ; VHDL_1993          ; VHDL_1993          ;
; State Machine Processing                                         ; Auto               ; Auto               ;
; Safe State Machine                                               ; Off                ; Off                ;
; Extract Verilog State Machines                                   ; On                 ; On                 ;
; Extract VHDL State Machines                                      ; On                 ; On                 ;
; Ignore Verilog initial constructs                                ; Off                ; Off                ;
; Iteration limit for constant Verilog loops                       ; 5000               ; 5000               ;
; Iteration limit for non-constant Verilog loops                   ; 250                ; 250                ;
; Add Pass-Through Logic to Inferred RAMs                          ; On                 ; On                 ;
; Infer RAMs from Raw Logic                                        ; On                 ; On                 ;
; Parallel Synthesis                                               ; On                 ; On                 ;
; DSP Block Balancing                                              ; Auto               ; Auto               ;
; NOT Gate Push-Back                                               ; On                 ; On                 ;
; Power-Up Don't Care                                              ; On                 ; On                 ;
; Remove Redundant Logic Cells                                     ; Off                ; Off                ;
; Remove Duplicate Registers                                       ; On                 ; On                 ;
; Ignore CARRY Buffers                                             ; Off                ; Off                ;
; Ignore CASCADE Buffers                                           ; Off                ; Off                ;
; Ignore GLOBAL Buffers                                            ; Off                ; Off                ;
; Ignore ROW GLOBAL Buffers                                        ; Off                ; Off                ;
; Ignore LCELL Buffers                                             ; Off                ; Off                ;
; Ignore SOFT Buffers                                              ; On                 ; On                 ;
; Limit AHDL Integers to 32 Bits                                   ; Off                ; Off                ;
; Optimization Technique                                           ; Balanced           ; Balanced           ;
; Carry Chain Length                                               ; 70                 ; 70                 ;
; Auto Carry Chains                                                ; On                 ; On                 ;
; Auto Open-Drain Pins                                             ; On                 ; On                 ;
; Perform WYSIWYG Primitive Resynthesis                            ; Off                ; Off                ;
; Auto ROM Replacement                                             ; On                 ; On                 ;
; Auto RAM Replacement                                             ; On                 ; On                 ;
; Auto DSP Block Replacement                                       ; On                 ; On                 ;
; Auto Shift Register Replacement                                  ; Auto               ; Auto               ;
; Allow Shift Register Merging across Hierarchies                  ; Auto               ; Auto               ;
; Auto Clock Enable Replacement                                    ; On                 ; On                 ;
; Strict RAM Replacement                                           ; Off                ; Off                ;
; Allow Synchronous Control Signals                                ; On                 ; On                 ;
; Force Use of Synchronous Clear Signals                           ; Off                ; Off                ;
; Auto RAM Block Balancing                                         ; On                 ; On                 ;
; Auto RAM to Logic Cell Conversion                                ; Off                ; Off                ;
; Auto Resource Sharing                                            ; Off                ; Off                ;
; Allow Any RAM Size For Recognition                               ; Off                ; Off                ;
; Allow Any ROM Size For Recognition                               ; Off                ; Off                ;
; Allow Any Shift Register Size For Recognition                    ; Off                ; Off                ;
; Use LogicLock Constraints during Resource Balancing              ; On                 ; On                 ;
; Ignore translate_off and synthesis_off directives                ; Off                ; Off                ;
; Timing-Driven Synthesis                                          ; On                 ; On                 ;
; Report Parameter Settings                                        ; On                 ; On                 ;
; Report Source Assignments                                        ; On                 ; On                 ;
; Report Connectivity Checks                                       ; On                 ; On                 ;
; Ignore Maximum Fan-Out Assignments                               ; Off                ; Off                ;
; Synchronization Register Chain Length                            ; 2                  ; 2                  ;
; Power Optimization During Synthesis                              ; Normal compilation ; Normal compilation ;
; HDL message level                                                ; Level2             ; Level2             ;
; Suppress Register Optimization Related Messages                  ; Off                ; Off                ;
; Number of Removed Registers Reported in Synthesis Report         ; 5000               ; 5000               ;
; Number of Swept Nodes Reported in Synthesis Report               ; 5000               ; 5000               ;
; Number of Inverted Registers Reported in Synthesis Report        ; 100                ; 100                ;
; Clock MUX Protection                                             ; On                 ; On                 ;
; Auto Gated Clock Conversion                                      ; Off                ; Off                ;
; Block Design Naming                                              ; Auto               ; Auto               ;
; SDC constraint protection                                        ; Off                ; Off                ;
; Synthesis Effort                                                 ; Auto               ; Auto               ;
; Shift Register Replacement - Allow Asynchronous Clear Signal     ; On                 ; On                 ;
; Pre-Mapping Resynthesis Optimization                             ; Off                ; Off                ;
; Analysis & Synthesis Message Level                               ; Medium             ; Medium             ;
; Disable Register Merging Across Hierarchies                      ; Auto               ; Auto               ;
; Resource Aware Inference For Block RAM                           ; On                 ; On                 ;
+------------------------------------------------------------------+--------------------+--------------------+


+------------------------------------------+
; Parallel Compilation                     ;
+----------------------------+-------------+
; Processors                 ; Number      ;
+----------------------------+-------------+
; Number detected on machine ; 4           ;
; Maximum allowed            ; 2           ;
;                            ;             ;
; Average used               ; 1.00        ;
; Maximum used               ; 2           ;
;                            ;             ;
; Usage by Processor         ; % Time Used ;
;     Processor 1            ; 100.0%      ;
;     Processor 2            ;   0.0%      ;
+----------------------------+-------------+


+-----------------------------------------------------------------------------------------------------------------------------------------------------------------------------------------------------------------------------+
; Analysis & Synthesis Source Files Read                                                                                                                                                                                      ;
+------------------------------------------+-----------------+-----------------+------------------------------------------------------------------------------------------------------------------------------------+---------+
; File Name with User-Entered Path         ; Used in Netlist ; File Type       ; File Name with Absolute Path                                                                                                       ; Library ;
+------------------------------------------+-----------------+-----------------+------------------------------------------------------------------------------------------------------------------------------------+---------+
; ../Memoria_ROM/pkg_rom.vhd               ; yes             ; User VHDL File  ; /home/simon/Documentos/FACULTAD/Sistemas Digitales Avanzados/Laboratorios/RS232-FPGA/Parte_B/Memoria_ROM/pkg_rom.vhd               ;         ;
; ../Memoria_ROM/Memoria_ROM.vhd           ; yes             ; User VHDL File  ; /home/simon/Documentos/FACULTAD/Sistemas Digitales Avanzados/Laboratorios/RS232-FPGA/Parte_B/Memoria_ROM/Memoria_ROM.vhd           ;         ;
; ../FSM_Memoria/FSM_Memoria.vhd           ; yes             ; User VHDL File  ; /home/simon/Documentos/FACULTAD/Sistemas Digitales Avanzados/Laboratorios/RS232-FPGA/Parte_B/FSM_Memoria/FSM_Memoria.vhd           ;         ;
; ../Contador_memoria/Contador_memoria.vhd ; yes             ; User VHDL File  ; /home/simon/Documentos/FACULTAD/Sistemas Digitales Avanzados/Laboratorios/RS232-FPGA/Parte_B/Contador_memoria/Contador_memoria.vhd ;         ;
; Punto_B.vhd                              ; yes             ; User VHDL File  ; /home/simon/Documentos/FACULTAD/Sistemas Digitales Avanzados/Laboratorios/RS232-FPGA/Parte_B/Punto_B/Punto_B.vhd                   ;         ;
+------------------------------------------+-----------------+-----------------+------------------------------------------------------------------------------------------------------------------------------------+---------+


+-----------------------------------------------------------------------------------+
; Analysis & Synthesis Resource Usage Summary                                       ;
+---------------------------------------------+-------------------------------------+
; Resource                                    ; Usage                               ;
+---------------------------------------------+-------------------------------------+
; Estimated Total logic elements              ; 116                                 ;
;                                             ;                                     ;
; Total combinational functions               ; 113                                 ;
; Logic element usage by number of LUT inputs ;                                     ;
;     -- 4 input functions                    ; 75                                  ;
;     -- 3 input functions                    ; 17                                  ;
;     -- <=2 input functions                  ; 21                                  ;
;                                             ;                                     ;
; Logic elements by mode                      ;                                     ;
;     -- normal mode                          ; 99                                  ;
;     -- arithmetic mode                      ; 14                                  ;
;                                             ;                                     ;
; Total registers                             ; 33                                  ;
;     -- Dedicated logic registers            ; 33                                  ;
;     -- I/O registers                        ; 0                                   ;
;                                             ;                                     ;
; I/O pins                                    ; 29                                  ;
;                                             ;                                     ;
; Embedded Multiplier 9-bit elements          ; 0                                   ;
;                                             ;                                     ;
; Maximum fan-out node                        ; FSM_Memoria:FSM|current_state.ready ;
; Maximum fan-out                             ; 23                                  ;
; Total fan-out                               ; 539                                 ;
; Average fan-out                             ; 2.64                                ;
+---------------------------------------------+-------------------------------------+


+----------------------------------------------------------------------------------------------------------------------------------------------------------------------------------------------------------------------------------+
; Analysis & Synthesis Resource Utilization by Entity                                                                                                                                                                              ;
+--------------------------------+---------------------+---------------------------+-------------+--------------+---------+-----------+------+--------------+------------------------------------+------------------+--------------+
; Compilation Hierarchy Node     ; Combinational ALUTs ; Dedicated Logic Registers ; Memory Bits ; DSP Elements ; DSP 9x9 ; DSP 18x18 ; Pins ; Virtual Pins ; Full Hierarchy Name                ; Entity Name      ; Library Name ;
+--------------------------------+---------------------+---------------------------+-------------+--------------+---------+-----------+------+--------------+------------------------------------+------------------+--------------+
; |Punto_B                       ; 113 (0)             ; 33 (0)                    ; 0           ; 0            ; 0       ; 0         ; 29   ; 0            ; |Punto_B                           ; Punto_B          ; work         ;
;    |Contador_memoria:Contador| ; 62 (62)             ; 14 (14)                   ; 0           ; 0            ; 0       ; 0         ; 0    ; 0            ; |Punto_B|Contador_memoria:Contador ; Contador_memoria ; work         ;
;    |FSM_Memoria:FSM|           ; 15 (15)             ; 11 (11)                   ; 0           ; 0            ; 0       ; 0         ; 0    ; 0            ; |Punto_B|FSM_Memoria:FSM           ; FSM_Memoria      ; work         ;
;    |Memoria_ROM:Memoria|       ; 36 (36)             ; 8 (8)                     ; 0           ; 0            ; 0       ; 0         ; 0    ; 0            ; |Punto_B|Memoria_ROM:Memoria       ; Memoria_ROM      ; work         ;
+--------------------------------+---------------------+---------------------------+-------------+--------------+---------+-----------+------+--------------+------------------------------------+------------------+--------------+
Note: For table entries with two numbers listed, the numbers in parentheses indicate the number of resources of the given type used by the specific entity alone. The numbers listed outside of parentheses indicate the total resources of the given type used by the specific entity and all of its sub-entities in the hierarchy.


Encoding Type:  One-Hot
+----------------------------------------------------------------------------------------------------------------------------------------------------------------------------------------------------------------------------------------------------------------------------------------------------+
; State Machine - |Punto_B|FSM_Memoria:FSM|current_state                                                                                                                                                                                                                                             ;
+-------------------------+----------------------+---------------------+-----------------------+------------------------+-------------------------+-------------------------+-------------------------+-------------------------+-------------------------+---------------------+--------------------+
; Name                    ; current_state.espera ; current_state.start ; current_state.memoria ; current_state.contador ; current_state.entrada_4 ; current_state.entrada_3 ; current_state.entrada_2 ; current_state.entrada_1 ; current_state.entrada_0 ; current_state.ready ; current_state.idle ;
+-------------------------+----------------------+---------------------+-----------------------+------------------------+-------------------------+-------------------------+-------------------------+-------------------------+-------------------------+---------------------+--------------------+
; current_state.idle      ; 0                    ; 0                   ; 0                     ; 0                      ; 0                       ; 0                       ; 0                       ; 0                       ; 0                       ; 0                   ; 0                  ;
; current_state.ready     ; 0                    ; 0                   ; 0                     ; 0                      ; 0                       ; 0                       ; 0                       ; 0                       ; 0                       ; 1                   ; 1                  ;
; current_state.entrada_0 ; 0                    ; 0                   ; 0                     ; 0                      ; 0                       ; 0                       ; 0                       ; 0                       ; 1                       ; 0                   ; 1                  ;
; current_state.entrada_1 ; 0                    ; 0                   ; 0                     ; 0                      ; 0                       ; 0                       ; 0                       ; 1                       ; 0                       ; 0                   ; 1                  ;
; current_state.entrada_2 ; 0                    ; 0                   ; 0                     ; 0                      ; 0                       ; 0                       ; 1                       ; 0                       ; 0                       ; 0                   ; 1                  ;
; current_state.entrada_3 ; 0                    ; 0                   ; 0                     ; 0                      ; 0                       ; 1                       ; 0                       ; 0                       ; 0                       ; 0                   ; 1                  ;
; current_state.entrada_4 ; 0                    ; 0                   ; 0                     ; 0                      ; 1                       ; 0                       ; 0                       ; 0                       ; 0                       ; 0                   ; 1                  ;
; current_state.contador  ; 0                    ; 0                   ; 0                     ; 1                      ; 0                       ; 0                       ; 0                       ; 0                       ; 0                       ; 0                   ; 1                  ;
; current_state.memoria   ; 0                    ; 0                   ; 1                     ; 0                      ; 0                       ; 0                       ; 0                       ; 0                       ; 0                       ; 0                   ; 1                  ;
; current_state.start     ; 0                    ; 1                   ; 0                     ; 0                      ; 0                       ; 0                       ; 0                       ; 0                       ; 0                       ; 0                   ; 1                  ;
; current_state.espera    ; 1                    ; 0                   ; 0                     ; 0                      ; 0                       ; 0                       ; 0                       ; 0                       ; 0                       ; 0                   ; 1                  ;
+-------------------------+----------------------+---------------------+-----------------------+------------------------+-------------------------+-------------------------+-------------------------+-------------------------+-------------------------+---------------------+--------------------+


+---------------------------------------------------------------------------------------------------+
; User-Specified and Inferred Latches                                                               ;
+----------------------------------------------------+---------------------+------------------------+
; Latch Name                                         ; Latch Enable Signal ; Free of Timing Hazards ;
+----------------------------------------------------+---------------------+------------------------+
; Contador_memoria:Contador|opcion[0]                ; GND                 ; yes                    ;
; Contador_memoria:Contador|opcion[1]                ; GND                 ; yes                    ;
; Contador_memoria:Contador|opcion[2]                ; GND                 ; yes                    ;
; Contador_memoria:Contador|opcion[3]                ; GND                 ; yes                    ;
; Contador_memoria:Contador|opcion[4]                ; GND                 ; yes                    ;
; Number of user-specified and inferred latches = 5  ;                     ;                        ;
+----------------------------------------------------+---------------------+------------------------+
Note: All latches listed above may not be present at the end of synthesis due to various synthesis optimizations.


+-------------------------------------------------------------------------------------------------------------------+
; Registers Removed During Synthesis                                                                                ;
+---------------------------------------------------+---------------------------------------------------------------+
; Register name                                     ; Reason for Removal                                            ;
+---------------------------------------------------+---------------------------------------------------------------+
; Memoria_ROM:Memoria|dato_ok[0]                    ; Stuck at VCC due to stuck port data_in                        ;
; Memoria_ROM:Memoria|dato_ok[9,10]                 ; Stuck at GND due to stuck port data_in                        ;
; Contador_memoria:Contador|contToaddress_out[1]~en ; Merged with Contador_memoria:Contador|contToaddress_out[0]~en ;
; Contador_memoria:Contador|contToaddress_out[2]~en ; Merged with Contador_memoria:Contador|contToaddress_out[0]~en ;
; Contador_memoria:Contador|contToaddress_out[3]~en ; Merged with Contador_memoria:Contador|contToaddress_out[0]~en ;
; Contador_memoria:Contador|contToaddress_out[4]~en ; Merged with Contador_memoria:Contador|contToaddress_out[0]~en ;
; Contador_memoria:Contador|contToaddress_out[5]~en ; Merged with Contador_memoria:Contador|contToaddress_out[0]~en ;
; Total Number of Removed Registers = 8             ;                                                               ;
+---------------------------------------------------+---------------------------------------------------------------+


+------------------------------------------------------+
; General Register Statistics                          ;
+----------------------------------------------+-------+
; Statistic                                    ; Value ;
+----------------------------------------------+-------+
; Total registers                              ; 33    ;
; Number of registers using Synchronous Clear  ; 0     ;
; Number of registers using Synchronous Load   ; 0     ;
; Number of registers using Asynchronous Clear ; 25    ;
; Number of registers using Asynchronous Load  ; 0     ;
; Number of registers using Clock Enable       ; 6     ;
; Number of registers using Preset             ; 0     ;
+----------------------------------------------+-------+


+-------------------------------------------------------------+
; Inverted Register Statistics                                ;
+---------------------------------------------------+---------+
; Inverted Register                                 ; Fan out ;
+---------------------------------------------------+---------+
; Contador_memoria:Contador|contToaddress_out[0]~en ; 13      ;
; Contador_memoria:Contador|contToaddress_out[0]    ; 17      ;
; Contador_memoria:Contador|contToaddress_out[1]    ; 20      ;
; Contador_memoria:Contador|contToaddress_out[2]    ; 15      ;
; Contador_memoria:Contador|contToaddress_out[4]    ; 20      ;
; Contador_memoria:Contador|contToaddress_out[3]    ; 19      ;
; Contador_memoria:Contador|contToaddress_out[5]    ; 15      ;
; Total number of inverted registers = 7            ;         ;
+---------------------------------------------------+---------+


+-----------------------------------------------------------------------------------------------------------------------------------------------------------------------+
; Multiplexer Restructuring Statistics (Restructuring Performed)                                                                                                        ;
+--------------------+-----------+---------------+----------------------+------------------------+------------+---------------------------------------------------------+
; Multiplexer Inputs ; Bus Width ; Baseline Area ; Area if Restructured ; Saving if Restructured ; Registered ; Example Multiplexer Output                              ;
+--------------------+-----------+---------------+----------------------+------------------------+------------+---------------------------------------------------------+
; 16:1               ; 6 bits    ; 60 LEs        ; 0 LEs                ; 60 LEs                 ; Yes        ; |Punto_B|Contador_memoria:Contador|cont[0]              ;
; 6:1                ; 2 bits    ; 8 LEs         ; 4 LEs                ; 4 LEs                  ; Yes        ; |Punto_B|Contador_memoria:Contador|contToaddress_out[2] ;
; 6:1                ; 3 bits    ; 12 LEs        ; 9 LEs                ; 3 LEs                  ; Yes        ; |Punto_B|Contador_memoria:Contador|contToaddress_out[4] ;
+--------------------+-----------+---------------+----------------------+------------------------+------------+---------------------------------------------------------+


+-----------------------------------------------------+
; Post-Synthesis Netlist Statistics for Top Partition ;
+-----------------------+-----------------------------+
; Type                  ; Count                       ;
+-----------------------+-----------------------------+
; boundary_port         ; 29                          ;
; cycloneiii_ff         ; 33                          ;
;     CLR               ; 19                          ;
;     ENA CLR           ; 6                           ;
;     plain             ; 8                           ;
; cycloneiii_io_obuf    ; 6                           ;
; cycloneiii_lcell_comb ; 116                         ;
;     arith             ; 14                          ;
;         2 data inputs ; 14                          ;
;     normal            ; 102                         ;
;         0 data inputs ; 2                           ;
;         1 data inputs ; 4                           ;
;         2 data inputs ; 4                           ;
;         3 data inputs ; 17                          ;
;         4 data inputs ; 75                          ;
;                       ;                             ;
; Max LUT depth         ; 6.00                        ;
; Average LUT depth     ; 3.44                        ;
+-----------------------+-----------------------------+


+-------------------------------+
; Elapsed Time Per Partition    ;
+----------------+--------------+
; Partition Name ; Elapsed Time ;
+----------------+--------------+
; Top            ; 00:00:01     ;
+----------------+--------------+


+-------------------------------+
; Analysis & Synthesis Messages ;
+-------------------------------+
Info: *******************************************************************
Info: Running Quartus Prime Analysis & Synthesis
    Info: Version 18.0.0 Build 614 04/24/2018 SJ Lite Edition
    Info: Processing started: Sat Nov 21 03:00:01 2020
Info: Command: quartus_map --read_settings_files=on --write_settings_files=off Punto_B -c Punto_B
Warning (18236): Number of processors has not been specified which may cause overloading on shared machines.  Set the global assignment NUM_PARALLEL_PROCESSORS in your QSF to an appropriate value for best performance.
Info (20030): Parallel compilation is enabled and will use 2 of the 2 processors detected
Info (12021): Found 2 design units, including 0 entities, in source file /home/simon/Documentos/FACULTAD/Sistemas Digitales Avanzados/Laboratorios/RS232-FPGA/Parte_B/Memoria_ROM/pkg_rom.vhd
    Info (12022): Found design unit 1: pkg_rom File: /home/simon/Documentos/FACULTAD/Sistemas Digitales Avanzados/Laboratorios/RS232-FPGA/Parte_B/Memoria_ROM/pkg_rom.vhd Line: 5
    Info (12022): Found design unit 2: pkg_rom-body File: /home/simon/Documentos/FACULTAD/Sistemas Digitales Avanzados/Laboratorios/RS232-FPGA/Parte_B/Memoria_ROM/pkg_rom.vhd Line: 69
Info (12021): Found 2 design units, including 1 entities, in source file /home/simon/Documentos/FACULTAD/Sistemas Digitales Avanzados/Laboratorios/RS232-FPGA/Parte_B/Memoria_ROM/Memoria_ROM.vhd
    Info (12022): Found design unit 1: Memoria_ROM-behav File: /home/simon/Documentos/FACULTAD/Sistemas Digitales Avanzados/Laboratorios/RS232-FPGA/Parte_B/Memoria_ROM/Memoria_ROM.vhd Line: 15
    Info (12023): Found entity 1: Memoria_ROM File: /home/simon/Documentos/FACULTAD/Sistemas Digitales Avanzados/Laboratorios/RS232-FPGA/Parte_B/Memoria_ROM/Memoria_ROM.vhd Line: 7
Info (12021): Found 2 design units, including 1 entities, in source file /home/simon/Documentos/FACULTAD/Sistemas Digitales Avanzados/Laboratorios/RS232-FPGA/Parte_B/FSM_Memoria/FSM_Memoria.vhd
    Info (12022): Found design unit 1: FSM_Memoria-behav File: /home/simon/Documentos/FACULTAD/Sistemas Digitales Avanzados/Laboratorios/RS232-FPGA/Parte_B/FSM_Memoria/FSM_Memoria.vhd Line: 21
    Info (12023): Found entity 1: FSM_Memoria File: /home/simon/Documentos/FACULTAD/Sistemas Digitales Avanzados/Laboratorios/RS232-FPGA/Parte_B/FSM_Memoria/FSM_Memoria.vhd Line: 4
Info (12021): Found 2 design units, including 1 entities, in source file /home/simon/Documentos/FACULTAD/Sistemas Digitales Avanzados/Laboratorios/RS232-FPGA/Parte_B/Contador_memoria/Contador_memoria.vhd
    Info (12022): Found design unit 1: Contador_memoria-behav File: /home/simon/Documentos/FACULTAD/Sistemas Digitales Avanzados/Laboratorios/RS232-FPGA/Parte_B/Contador_memoria/Contador_memoria.vhd Line: 17
    Info (12023): Found entity 1: Contador_memoria File: /home/simon/Documentos/FACULTAD/Sistemas Digitales Avanzados/Laboratorios/RS232-FPGA/Parte_B/Contador_memoria/Contador_memoria.vhd Line: 7
Info (12021): Found 2 design units, including 1 entities, in source file Punto_B.vhd
    Info (12022): Found design unit 1: Punto_B-behav File: /home/simon/Documentos/FACULTAD/Sistemas Digitales Avanzados/Laboratorios/RS232-FPGA/Parte_B/Punto_B/Punto_B.vhd Line: 24
    Info (12023): Found entity 1: Punto_B File: /home/simon/Documentos/FACULTAD/Sistemas Digitales Avanzados/Laboratorios/RS232-FPGA/Parte_B/Punto_B/Punto_B.vhd Line: 5
Info (12021): Found 2 design units, including 1 entities, in source file tb_Punto_B.vhd
    Info (12022): Found design unit 1: tb_Punto_B-behav File: /home/simon/Documentos/FACULTAD/Sistemas Digitales Avanzados/Laboratorios/RS232-FPGA/Parte_B/Punto_B/tb_Punto_B.vhd Line: 8
    Info (12023): Found entity 1: tb_Punto_B File: /home/simon/Documentos/FACULTAD/Sistemas Digitales Avanzados/Laboratorios/RS232-FPGA/Parte_B/Punto_B/tb_Punto_B.vhd Line: 5
Info (12127): Elaborating entity "Punto_B" for the top level hierarchy
Info (12128): Elaborating entity "Memoria_ROM" for hierarchy "Memoria_ROM:Memoria" File: /home/simon/Documentos/FACULTAD/Sistemas Digitales Avanzados/Laboratorios/RS232-FPGA/Parte_B/Punto_B/Punto_B.vhd Line: 73
Info (12128): Elaborating entity "FSM_Memoria" for hierarchy "FSM_Memoria:FSM" File: /home/simon/Documentos/FACULTAD/Sistemas Digitales Avanzados/Laboratorios/RS232-FPGA/Parte_B/Punto_B/Punto_B.vhd Line: 75
Warning (10306): Invalid value "one_hot" for synthesis attribute "syn_encoding" at ../FSM_Memoria/FSM_Memoria.vhd(30) File: /home/simon/Documentos/FACULTAD/Sistemas Digitales Avanzados/Laboratorios/RS232-FPGA/Parte_B/FSM_Memoria/FSM_Memoria.vhd Line: 30
Warning (10524): VHDL warning at FSM_Memoria.vhd(23): used 'X' for unrecognized character 'o' in enumerated type File: /home/simon/Documentos/FACULTAD/Sistemas Digitales Avanzados/Laboratorios/RS232-FPGA/Parte_B/FSM_Memoria/FSM_Memoria.vhd Line: 23
Warning (10524): VHDL warning at FSM_Memoria.vhd(23): used 'X' for unrecognized character 'n' in enumerated type File: /home/simon/Documentos/FACULTAD/Sistemas Digitales Avanzados/Laboratorios/RS232-FPGA/Parte_B/FSM_Memoria/FSM_Memoria.vhd Line: 23
Warning (10524): VHDL warning at FSM_Memoria.vhd(23): used 'X' for unrecognized character 'e' in enumerated type File: /home/simon/Documentos/FACULTAD/Sistemas Digitales Avanzados/Laboratorios/RS232-FPGA/Parte_B/FSM_Memoria/FSM_Memoria.vhd Line: 23
Warning (10524): VHDL warning at FSM_Memoria.vhd(23): used 'X' for unrecognized character '_' in enumerated type File: /home/simon/Documentos/FACULTAD/Sistemas Digitales Avanzados/Laboratorios/RS232-FPGA/Parte_B/FSM_Memoria/FSM_Memoria.vhd Line: 23
Warning (10524): VHDL warning at FSM_Memoria.vhd(23): used 'X' for unrecognized character 't' in enumerated type File: /home/simon/Documentos/FACULTAD/Sistemas Digitales Avanzados/Laboratorios/RS232-FPGA/Parte_B/FSM_Memoria/FSM_Memoria.vhd Line: 23
Warning (10336): VHDL Attribute warning in FSM_Memoria.vhd(23): ENUM_ENCODING or SYN_ENCODING attribute for enumeration type "FSM_states" does not specify a valid encoding for every enumeration literal -- ignored all encodings File: /home/simon/Documentos/FACULTAD/Sistemas Digitales Avanzados/Laboratorios/RS232-FPGA/Parte_B/FSM_Memoria/FSM_Memoria.vhd Line: 23
Info (12128): Elaborating entity "Contador_memoria" for hierarchy "Contador_memoria:Contador" File: /home/simon/Documentos/FACULTAD/Sistemas Digitales Avanzados/Laboratorios/RS232-FPGA/Parte_B/Punto_B/Punto_B.vhd Line: 78
Info (10041): Inferred latch for "opcion[4]" at Contador_memoria.vhd(35) File: /home/simon/Documentos/FACULTAD/Sistemas Digitales Avanzados/Laboratorios/RS232-FPGA/Parte_B/Contador_memoria/Contador_memoria.vhd Line: 35
Info (10041): Inferred latch for "opcion[3]" at Contador_memoria.vhd(35) File: /home/simon/Documentos/FACULTAD/Sistemas Digitales Avanzados/Laboratorios/RS232-FPGA/Parte_B/Contador_memoria/Contador_memoria.vhd Line: 35
Info (10041): Inferred latch for "opcion[2]" at Contador_memoria.vhd(35) File: /home/simon/Documentos/FACULTAD/Sistemas Digitales Avanzados/Laboratorios/RS232-FPGA/Parte_B/Contador_memoria/Contador_memoria.vhd Line: 35
Info (10041): Inferred latch for "opcion[1]" at Contador_memoria.vhd(35) File: /home/simon/Documentos/FACULTAD/Sistemas Digitales Avanzados/Laboratorios/RS232-FPGA/Parte_B/Contador_memoria/Contador_memoria.vhd Line: 35
Info (10041): Inferred latch for "opcion[0]" at Contador_memoria.vhd(35) File: /home/simon/Documentos/FACULTAD/Sistemas Digitales Avanzados/Laboratorios/RS232-FPGA/Parte_B/Contador_memoria/Contador_memoria.vhd Line: 35
Warning (13046): Tri-state node(s) do not directly drive top-level pin(s)
    Warning (13047): Converted the fan-out from the tri-state buffer "Contador_memoria:Contador|address_out[0]" to the node "Memoria_ROM:Memoria|Mux0" into an OR gate File: /home/simon/Documentos/FACULTAD/Sistemas Digitales Avanzados/Laboratorios/RS232-FPGA/Parte_B/Contador_memoria/Contador_memoria.vhd Line: 13
    Warning (13047): Converted the fan-out from the tri-state buffer "Contador_memoria:Contador|address_out[1]" to the node "Memoria_ROM:Memoria|Mux0" into an OR gate File: /home/simon/Documentos/FACULTAD/Sistemas Digitales Avanzados/Laboratorios/RS232-FPGA/Parte_B/Contador_memoria/Contador_memoria.vhd Line: 13
    Warning (13047): Converted the fan-out from the tri-state buffer "Contador_memoria:Contador|address_out[2]" to the node "Memoria_ROM:Memoria|Mux0" into an OR gate File: /home/simon/Documentos/FACULTAD/Sistemas Digitales Avanzados/Laboratorios/RS232-FPGA/Parte_B/Contador_memoria/Contador_memoria.vhd Line: 13
    Warning (13047): Converted the fan-out from the tri-state buffer "Contador_memoria:Contador|address_out[3]" to the node "Memoria_ROM:Memoria|Mux2" into an OR gate File: /home/simon/Documentos/FACULTAD/Sistemas Digitales Avanzados/Laboratorios/RS232-FPGA/Parte_B/Contador_memoria/Contador_memoria.vhd Line: 13
    Warning (13047): Converted the fan-out from the tri-state buffer "Contador_memoria:Contador|address_out[4]" to the node "Memoria_ROM:Memoria|Mux0" into an OR gate File: /home/simon/Documentos/FACULTAD/Sistemas Digitales Avanzados/Laboratorios/RS232-FPGA/Parte_B/Contador_memoria/Contador_memoria.vhd Line: 13
    Warning (13047): Converted the fan-out from the tri-state buffer "Contador_memoria:Contador|address_out[5]" to the node "Memoria_ROM:Memoria|Mux3" into an OR gate File: /home/simon/Documentos/FACULTAD/Sistemas Digitales Avanzados/Laboratorios/RS232-FPGA/Parte_B/Contador_memoria/Contador_memoria.vhd Line: 13
Info (13000): Registers with preset signals will power-up high File: /home/simon/Documentos/FACULTAD/Sistemas Digitales Avanzados/Laboratorios/RS232-FPGA/Parte_B/Contador_memoria/Contador_memoria.vhd Line: 56
Info (13003): DEV_CLRn pin will set, and not reset, register with preset signal due to NOT Gate Push-Back
Warning (13024): Output pins are stuck at VCC or GND
    Warning (13410): Pin "datos_out[0]" is stuck at VCC File: /home/simon/Documentos/FACULTAD/Sistemas Digitales Avanzados/Laboratorios/RS232-FPGA/Parte_B/Punto_B/Punto_B.vhd Line: 11
    Warning (13410): Pin "datos_out[9]" is stuck at GND File: /home/simon/Documentos/FACULTAD/Sistemas Digitales Avanzados/Laboratorios/RS232-FPGA/Parte_B/Punto_B/Punto_B.vhd Line: 11
    Warning (13410): Pin "datos_out[10]" is stuck at GND File: /home/simon/Documentos/FACULTAD/Sistemas Digitales Avanzados/Laboratorios/RS232-FPGA/Parte_B/Punto_B/Punto_B.vhd Line: 11
Info (286030): Timing-Driven Synthesis is running
Critical Warning (18061): Ignored Power-Up Level option on the following registers
    Critical Warning (18010): Register Contador_memoria:Contador|contToaddress_out[0]~en will power up to High File: /home/simon/Documentos/FACULTAD/Sistemas Digitales Avanzados/Laboratorios/RS232-FPGA/Parte_B/Contador_memoria/Contador_memoria.vhd Line: 56
Info (16010): Generating hard_block partition "hard_block:auto_generated_inst"
    Info (16011): Adding 0 node(s), including 0 DDIO, 0 PLL, 0 transceiver and 0 LCELL
Info (21057): Implemented 153 device resources after synthesis - the final resource count might be different
    Info (21058): Implemented 8 input pins
    Info (21059): Implemented 21 output pins
    Info (21061): Implemented 124 logic cells
Info: Quartus Prime Analysis & Synthesis was successful. 0 errors, 21 warnings
    Info: Peak virtual memory: 945 megabytes
    Info: Processing ended: Sat Nov 21 03:00:17 2020
    Info: Elapsed time: 00:00:16
    Info: Total CPU time (on all processors): 00:00:33


